[2025-01-11T13:57:19.104+0000] {local_task_job_runner.py:123} INFO - ::group::Pre task execution logs
[2025-01-11T13:57:19.201+0000] {taskinstance.py:2613} INFO - Dependencies all met for dep_context=non-requeueable deps ti=<TaskInstance: dynamic_task_mapping_python_operator.process_chunk manual__2025-01-11T13:57:13.578740+00:00 map_index=2 [queued]>
[2025-01-11T13:57:19.261+0000] {taskinstance.py:2613} INFO - Dependencies all met for dep_context=requeueable deps ti=<TaskInstance: dynamic_task_mapping_python_operator.process_chunk manual__2025-01-11T13:57:13.578740+00:00 map_index=2 [queued]>
[2025-01-11T13:57:19.263+0000] {taskinstance.py:2866} INFO - Starting attempt 1 of 1
[2025-01-11T13:57:19.631+0000] {taskinstance.py:2889} INFO - Executing <Mapped(PythonOperator): process_chunk> on 2025-01-11 13:57:13.578740+00:00
[2025-01-11T13:57:19.788+0000] {standard_task_runner.py:72} INFO - Started process 1932 to run task
[2025-01-11T13:57:19.810+0000] {standard_task_runner.py:104} INFO - Running: ['***', 'tasks', 'run', 'dynamic_task_mapping_python_operator', 'process_chunk', 'manual__2025-01-11T13:57:13.578740+00:00', '--job-id', '917', '--raw', '--subdir', 'DAGS_FOLDER/experiments/dynamic_task_mapping_sequentials.py', '--cfg-path', '/tmp/tmpllzxjpfj', '--map-index', '2']
[2025-01-11T13:57:19.828+0000] {standard_task_runner.py:105} INFO - Job 917: Subtask process_chunk
[2025-01-11T13:57:24.413+0000] {task_command.py:467} INFO - Running <TaskInstance: dynamic_task_mapping_python_operator.process_chunk manual__2025-01-11T13:57:13.578740+00:00 map_index=2 [running]> on host 02aab7e5da88
[2025-01-11T13:57:25.556+0000] {taskinstance.py:3132} INFO - Exporting env vars: AIRFLOW_CTX_DAG_OWNER='***' AIRFLOW_CTX_DAG_ID='dynamic_task_mapping_python_operator' AIRFLOW_CTX_TASK_ID='process_chunk' AIRFLOW_CTX_EXECUTION_DATE='2025-01-11T13:57:13.578740+00:00' AIRFLOW_CTX_TRY_NUMBER='1' AIRFLOW_CTX_DAG_RUN_ID='manual__2025-01-11T13:57:13.578740+00:00'
[2025-01-11T13:57:25.574+0000] {taskinstance.py:731} INFO - ::endgroup::
[2025-01-11T13:57:25.643+0000] {logging_mixin.py:190} INFO - Memproses 10 pesan. Contoh pesan: [20, 21, 22, 23, 24]...
[2025-01-11T13:57:25.644+0000] {logging_mixin.py:190} INFO - Processing code: 20
[2025-01-11T13:57:25.645+0000] {logging_mixin.py:190} INFO - Processing code: 21
[2025-01-11T13:57:25.646+0000] {logging_mixin.py:190} INFO - Processing code: 22
[2025-01-11T13:57:25.647+0000] {logging_mixin.py:190} INFO - Processing code: 23
[2025-01-11T13:57:25.651+0000] {logging_mixin.py:190} INFO - Processing code: 24
[2025-01-11T13:57:25.653+0000] {logging_mixin.py:190} INFO - Processing code: 25
[2025-01-11T13:57:25.654+0000] {logging_mixin.py:190} INFO - Processing code: 26
[2025-01-11T13:57:25.655+0000] {logging_mixin.py:190} INFO - Processing code: 27
[2025-01-11T13:57:25.658+0000] {logging_mixin.py:190} INFO - Processing code: 28
[2025-01-11T13:57:25.660+0000] {logging_mixin.py:190} INFO - Processing code: 29
[2025-01-11T13:57:25.664+0000] {python.py:240} INFO - Done. Returned value was: None
[2025-01-11T13:57:25.718+0000] {taskinstance.py:340} INFO - ::group::Post task execution logs
[2025-01-11T13:57:25.720+0000] {taskinstance.py:352} INFO - Marking task as SUCCESS. dag_id=dynamic_task_mapping_python_operator, task_id=process_chunk, run_id=manual__2025-01-11T13:57:13.578740+00:00, map_index=2, execution_date=20250111T135713, start_date=20250111T135719, end_date=20250111T135725
[2025-01-11T13:57:25.831+0000] {local_task_job_runner.py:266} INFO - Task exited with return code 0
[2025-01-11T13:57:26.059+0000] {taskinstance.py:3895} INFO - 0 downstream tasks scheduled from follow-on schedule check
[2025-01-11T13:57:26.077+0000] {local_task_job_runner.py:245} INFO - ::endgroup::
