[2025-01-11T11:47:37.529+0000] {processor.py:186} INFO - Started process (PID=66) to work on /opt/airflow/dags/experiments/dynamic_task_mapping_parralel_dag.py
[2025-01-11T11:47:37.530+0000] {processor.py:914} INFO - Processing file /opt/airflow/dags/experiments/dynamic_task_mapping_parralel_dag.py for tasks to queue
[2025-01-11T11:47:37.532+0000] {logging_mixin.py:190} INFO - [2025-01-11T11:47:37.531+0000] {dagbag.py:588} INFO - Filling up the DagBag from /opt/airflow/dags/experiments/dynamic_task_mapping_parralel_dag.py
[2025-01-11T11:47:37.539+0000] {processor.py:925} INFO - DAG(s) 'dynamic_task_mapping_with_fixed_chunk_size' retrieved from /opt/airflow/dags/experiments/dynamic_task_mapping_parralel_dag.py
[2025-01-11T11:47:37.550+0000] {logging_mixin.py:190} INFO - [2025-01-11T11:47:37.549+0000] {dag.py:3239} INFO - Sync 1 DAGs
[2025-01-11T11:47:37.573+0000] {logging_mixin.py:190} INFO - [2025-01-11T11:47:37.572+0000] {dag.py:4180} INFO - Setting next_dagrun for dynamic_task_mapping_with_fixed_chunk_size to None, run_after=None
[2025-01-11T11:47:37.589+0000] {processor.py:208} INFO - Processing /opt/airflow/dags/experiments/dynamic_task_mapping_parralel_dag.py took 0.065 seconds
[2025-01-11T11:48:08.235+0000] {processor.py:186} INFO - Started process (PID=86) to work on /opt/airflow/dags/experiments/dynamic_task_mapping_parralel_dag.py
[2025-01-11T11:48:08.237+0000] {processor.py:914} INFO - Processing file /opt/airflow/dags/experiments/dynamic_task_mapping_parralel_dag.py for tasks to queue
[2025-01-11T11:48:08.238+0000] {logging_mixin.py:190} INFO - [2025-01-11T11:48:08.237+0000] {dagbag.py:588} INFO - Filling up the DagBag from /opt/airflow/dags/experiments/dynamic_task_mapping_parralel_dag.py
[2025-01-11T11:48:08.271+0000] {processor.py:925} INFO - DAG(s) 'dynamic_task_mapping_with_fixed_chunk_size' retrieved from /opt/airflow/dags/experiments/dynamic_task_mapping_parralel_dag.py
[2025-01-11T11:48:09.925+0000] {logging_mixin.py:190} INFO - [2025-01-11T11:48:09.923+0000] {dag.py:3239} INFO - Sync 1 DAGs
[2025-01-11T11:48:09.948+0000] {logging_mixin.py:190} INFO - [2025-01-11T11:48:09.947+0000] {dag.py:4180} INFO - Setting next_dagrun for dynamic_task_mapping_with_fixed_chunk_size to None, run_after=None
[2025-01-11T11:48:09.974+0000] {processor.py:208} INFO - Processing /opt/airflow/dags/experiments/dynamic_task_mapping_parralel_dag.py took 1.745 seconds
[2025-01-11T11:48:40.542+0000] {processor.py:186} INFO - Started process (PID=94) to work on /opt/airflow/dags/experiments/dynamic_task_mapping_parralel_dag.py
[2025-01-11T11:48:40.548+0000] {processor.py:914} INFO - Processing file /opt/airflow/dags/experiments/dynamic_task_mapping_parralel_dag.py for tasks to queue
[2025-01-11T11:48:40.568+0000] {logging_mixin.py:190} INFO - [2025-01-11T11:48:40.560+0000] {dagbag.py:588} INFO - Filling up the DagBag from /opt/airflow/dags/experiments/dynamic_task_mapping_parralel_dag.py
[2025-01-11T11:48:40.726+0000] {processor.py:925} INFO - DAG(s) 'dynamic_task_mapping_with_fixed_chunk_size' retrieved from /opt/airflow/dags/experiments/dynamic_task_mapping_parralel_dag.py
[2025-01-11T11:48:40.813+0000] {logging_mixin.py:190} INFO - [2025-01-11T11:48:40.801+0000] {dag.py:3239} INFO - Sync 1 DAGs
[2025-01-11T11:48:40.939+0000] {logging_mixin.py:190} INFO - [2025-01-11T11:48:40.938+0000] {dag.py:4180} INFO - Setting next_dagrun for dynamic_task_mapping_with_fixed_chunk_size to None, run_after=None
[2025-01-11T11:48:40.961+0000] {processor.py:208} INFO - Processing /opt/airflow/dags/experiments/dynamic_task_mapping_parralel_dag.py took 0.474 seconds
[2025-01-11T11:49:12.171+0000] {processor.py:186} INFO - Started process (PID=102) to work on /opt/airflow/dags/experiments/dynamic_task_mapping_parralel_dag.py
[2025-01-11T11:49:12.175+0000] {processor.py:914} INFO - Processing file /opt/airflow/dags/experiments/dynamic_task_mapping_parralel_dag.py for tasks to queue
[2025-01-11T11:49:12.190+0000] {logging_mixin.py:190} INFO - [2025-01-11T11:49:12.182+0000] {dagbag.py:588} INFO - Filling up the DagBag from /opt/airflow/dags/experiments/dynamic_task_mapping_parralel_dag.py
[2025-01-11T11:49:12.651+0000] {processor.py:925} INFO - DAG(s) 'dynamic_task_mapping_with_fixed_chunk_size' retrieved from /opt/airflow/dags/experiments/dynamic_task_mapping_parralel_dag.py
[2025-01-11T11:49:13.224+0000] {logging_mixin.py:190} INFO - [2025-01-11T11:49:13.157+0000] {dag.py:3239} INFO - Sync 1 DAGs
[2025-01-11T11:49:13.368+0000] {logging_mixin.py:190} INFO - [2025-01-11T11:49:13.368+0000] {dag.py:4180} INFO - Setting next_dagrun for dynamic_task_mapping_with_fixed_chunk_size to None, run_after=None
[2025-01-11T11:49:13.460+0000] {processor.py:208} INFO - Processing /opt/airflow/dags/experiments/dynamic_task_mapping_parralel_dag.py took 1.333 seconds
[2025-01-11T11:49:43.912+0000] {processor.py:186} INFO - Started process (PID=111) to work on /opt/airflow/dags/experiments/dynamic_task_mapping_parralel_dag.py
[2025-01-11T11:49:43.914+0000] {processor.py:914} INFO - Processing file /opt/airflow/dags/experiments/dynamic_task_mapping_parralel_dag.py for tasks to queue
[2025-01-11T11:49:43.915+0000] {logging_mixin.py:190} INFO - [2025-01-11T11:49:43.915+0000] {dagbag.py:588} INFO - Filling up the DagBag from /opt/airflow/dags/experiments/dynamic_task_mapping_parralel_dag.py
[2025-01-11T11:49:43.927+0000] {processor.py:925} INFO - DAG(s) 'dynamic_task_mapping_with_fixed_chunk_size' retrieved from /opt/airflow/dags/experiments/dynamic_task_mapping_parralel_dag.py
[2025-01-11T11:49:43.975+0000] {logging_mixin.py:190} INFO - [2025-01-11T11:49:43.968+0000] {dag.py:3239} INFO - Sync 1 DAGs
[2025-01-11T11:49:44.006+0000] {logging_mixin.py:190} INFO - [2025-01-11T11:49:44.006+0000] {dag.py:4180} INFO - Setting next_dagrun for dynamic_task_mapping_with_fixed_chunk_size to None, run_after=None
[2025-01-11T11:49:44.025+0000] {processor.py:208} INFO - Processing /opt/airflow/dags/experiments/dynamic_task_mapping_parralel_dag.py took 0.118 seconds
[2025-01-11T11:50:14.501+0000] {processor.py:186} INFO - Started process (PID=119) to work on /opt/airflow/dags/experiments/dynamic_task_mapping_parralel_dag.py
[2025-01-11T11:50:14.502+0000] {processor.py:914} INFO - Processing file /opt/airflow/dags/experiments/dynamic_task_mapping_parralel_dag.py for tasks to queue
[2025-01-11T11:50:14.503+0000] {logging_mixin.py:190} INFO - [2025-01-11T11:50:14.503+0000] {dagbag.py:588} INFO - Filling up the DagBag from /opt/airflow/dags/experiments/dynamic_task_mapping_parralel_dag.py
[2025-01-11T11:50:14.510+0000] {processor.py:925} INFO - DAG(s) 'dynamic_task_mapping_with_fixed_chunk_size' retrieved from /opt/airflow/dags/experiments/dynamic_task_mapping_parralel_dag.py
[2025-01-11T11:50:14.529+0000] {logging_mixin.py:190} INFO - [2025-01-11T11:50:14.527+0000] {dag.py:3239} INFO - Sync 1 DAGs
[2025-01-11T11:50:14.539+0000] {logging_mixin.py:190} INFO - [2025-01-11T11:50:14.539+0000] {dag.py:4180} INFO - Setting next_dagrun for dynamic_task_mapping_with_fixed_chunk_size to None, run_after=None
[2025-01-11T11:50:14.550+0000] {processor.py:208} INFO - Processing /opt/airflow/dags/experiments/dynamic_task_mapping_parralel_dag.py took 0.054 seconds
[2025-01-11T11:50:45.131+0000] {processor.py:186} INFO - Started process (PID=127) to work on /opt/airflow/dags/experiments/dynamic_task_mapping_parralel_dag.py
[2025-01-11T11:50:45.137+0000] {processor.py:914} INFO - Processing file /opt/airflow/dags/experiments/dynamic_task_mapping_parralel_dag.py for tasks to queue
[2025-01-11T11:50:45.139+0000] {logging_mixin.py:190} INFO - [2025-01-11T11:50:45.138+0000] {dagbag.py:588} INFO - Filling up the DagBag from /opt/airflow/dags/experiments/dynamic_task_mapping_parralel_dag.py
[2025-01-11T11:50:45.162+0000] {processor.py:925} INFO - DAG(s) 'dynamic_task_mapping_with_fixed_chunk_size' retrieved from /opt/airflow/dags/experiments/dynamic_task_mapping_parralel_dag.py
[2025-01-11T11:50:45.207+0000] {logging_mixin.py:190} INFO - [2025-01-11T11:50:45.206+0000] {dag.py:3239} INFO - Sync 1 DAGs
[2025-01-11T11:50:45.221+0000] {logging_mixin.py:190} INFO - [2025-01-11T11:50:45.221+0000] {dag.py:4180} INFO - Setting next_dagrun for dynamic_task_mapping_with_fixed_chunk_size to None, run_after=None
[2025-01-11T11:50:45.235+0000] {processor.py:208} INFO - Processing /opt/airflow/dags/experiments/dynamic_task_mapping_parralel_dag.py took 0.123 seconds
[2025-01-11T11:51:15.598+0000] {processor.py:186} INFO - Started process (PID=136) to work on /opt/airflow/dags/experiments/dynamic_task_mapping_parralel_dag.py
[2025-01-11T11:51:15.601+0000] {processor.py:914} INFO - Processing file /opt/airflow/dags/experiments/dynamic_task_mapping_parralel_dag.py for tasks to queue
[2025-01-11T11:51:15.603+0000] {logging_mixin.py:190} INFO - [2025-01-11T11:51:15.602+0000] {dagbag.py:588} INFO - Filling up the DagBag from /opt/airflow/dags/experiments/dynamic_task_mapping_parralel_dag.py
[2025-01-11T11:51:15.630+0000] {processor.py:925} INFO - DAG(s) 'dynamic_task_mapping_with_fixed_chunk_size' retrieved from /opt/airflow/dags/experiments/dynamic_task_mapping_parralel_dag.py
[2025-01-11T11:51:15.658+0000] {logging_mixin.py:190} INFO - [2025-01-11T11:51:15.657+0000] {dag.py:3239} INFO - Sync 1 DAGs
[2025-01-11T11:51:15.669+0000] {logging_mixin.py:190} INFO - [2025-01-11T11:51:15.669+0000] {dag.py:4180} INFO - Setting next_dagrun for dynamic_task_mapping_with_fixed_chunk_size to None, run_after=None
[2025-01-11T11:51:15.678+0000] {processor.py:208} INFO - Processing /opt/airflow/dags/experiments/dynamic_task_mapping_parralel_dag.py took 0.098 seconds
[2025-01-11T11:51:46.125+0000] {processor.py:186} INFO - Started process (PID=144) to work on /opt/airflow/dags/experiments/dynamic_task_mapping_parralel_dag.py
[2025-01-11T11:51:46.131+0000] {processor.py:914} INFO - Processing file /opt/airflow/dags/experiments/dynamic_task_mapping_parralel_dag.py for tasks to queue
[2025-01-11T11:51:46.133+0000] {logging_mixin.py:190} INFO - [2025-01-11T11:51:46.132+0000] {dagbag.py:588} INFO - Filling up the DagBag from /opt/airflow/dags/experiments/dynamic_task_mapping_parralel_dag.py
[2025-01-11T11:51:46.148+0000] {processor.py:925} INFO - DAG(s) 'dynamic_task_mapping_with_fixed_chunk_size' retrieved from /opt/airflow/dags/experiments/dynamic_task_mapping_parralel_dag.py
[2025-01-11T11:51:46.177+0000] {logging_mixin.py:190} INFO - [2025-01-11T11:51:46.175+0000] {dag.py:3239} INFO - Sync 1 DAGs
[2025-01-11T11:51:46.205+0000] {logging_mixin.py:190} INFO - [2025-01-11T11:51:46.205+0000] {dag.py:4180} INFO - Setting next_dagrun for dynamic_task_mapping_with_fixed_chunk_size to None, run_after=None
[2025-01-11T11:51:47.011+0000] {processor.py:208} INFO - Processing /opt/airflow/dags/experiments/dynamic_task_mapping_parralel_dag.py took 0.908 seconds
[2025-01-11T11:52:17.551+0000] {processor.py:186} INFO - Started process (PID=153) to work on /opt/airflow/dags/experiments/dynamic_task_mapping_parralel_dag.py
[2025-01-11T11:52:17.553+0000] {processor.py:914} INFO - Processing file /opt/airflow/dags/experiments/dynamic_task_mapping_parralel_dag.py for tasks to queue
[2025-01-11T11:52:17.554+0000] {logging_mixin.py:190} INFO - [2025-01-11T11:52:17.554+0000] {dagbag.py:588} INFO - Filling up the DagBag from /opt/airflow/dags/experiments/dynamic_task_mapping_parralel_dag.py
[2025-01-11T11:52:17.570+0000] {processor.py:925} INFO - DAG(s) 'dynamic_task_mapping_with_fixed_chunk_size' retrieved from /opt/airflow/dags/experiments/dynamic_task_mapping_parralel_dag.py
[2025-01-11T11:52:17.620+0000] {logging_mixin.py:190} INFO - [2025-01-11T11:52:17.618+0000] {dag.py:3239} INFO - Sync 1 DAGs
[2025-01-11T11:52:17.634+0000] {logging_mixin.py:190} INFO - [2025-01-11T11:52:17.634+0000] {dag.py:4180} INFO - Setting next_dagrun for dynamic_task_mapping_with_fixed_chunk_size to None, run_after=None
[2025-01-11T11:52:17.645+0000] {processor.py:208} INFO - Processing /opt/airflow/dags/experiments/dynamic_task_mapping_parralel_dag.py took 0.106 seconds
[2025-01-11T11:52:48.286+0000] {processor.py:186} INFO - Started process (PID=163) to work on /opt/airflow/dags/experiments/dynamic_task_mapping_parralel_dag.py
[2025-01-11T11:52:48.287+0000] {processor.py:914} INFO - Processing file /opt/airflow/dags/experiments/dynamic_task_mapping_parralel_dag.py for tasks to queue
[2025-01-11T11:52:48.290+0000] {logging_mixin.py:190} INFO - [2025-01-11T11:52:48.290+0000] {dagbag.py:588} INFO - Filling up the DagBag from /opt/airflow/dags/experiments/dynamic_task_mapping_parralel_dag.py
[2025-01-11T11:52:48.302+0000] {processor.py:925} INFO - DAG(s) 'dynamic_task_mapping_with_fixed_chunk_size' retrieved from /opt/airflow/dags/experiments/dynamic_task_mapping_parralel_dag.py
[2025-01-11T11:52:48.366+0000] {logging_mixin.py:190} INFO - [2025-01-11T11:52:48.364+0000] {dag.py:3239} INFO - Sync 1 DAGs
[2025-01-11T11:52:48.399+0000] {logging_mixin.py:190} INFO - [2025-01-11T11:52:48.398+0000] {dag.py:4180} INFO - Setting next_dagrun for dynamic_task_mapping_with_fixed_chunk_size to None, run_after=None
[2025-01-11T11:52:48.454+0000] {processor.py:208} INFO - Processing /opt/airflow/dags/experiments/dynamic_task_mapping_parralel_dag.py took 0.179 seconds
[2025-01-11T11:53:18.735+0000] {processor.py:186} INFO - Started process (PID=171) to work on /opt/airflow/dags/experiments/dynamic_task_mapping_parralel_dag.py
[2025-01-11T11:53:18.737+0000] {processor.py:914} INFO - Processing file /opt/airflow/dags/experiments/dynamic_task_mapping_parralel_dag.py for tasks to queue
[2025-01-11T11:53:18.738+0000] {logging_mixin.py:190} INFO - [2025-01-11T11:53:18.738+0000] {dagbag.py:588} INFO - Filling up the DagBag from /opt/airflow/dags/experiments/dynamic_task_mapping_parralel_dag.py
[2025-01-11T11:53:18.753+0000] {processor.py:925} INFO - DAG(s) 'dynamic_task_mapping_with_fixed_chunk_size' retrieved from /opt/airflow/dags/experiments/dynamic_task_mapping_parralel_dag.py
[2025-01-11T11:53:18.793+0000] {logging_mixin.py:190} INFO - [2025-01-11T11:53:18.792+0000] {dag.py:3239} INFO - Sync 1 DAGs
[2025-01-11T11:53:18.806+0000] {logging_mixin.py:190} INFO - [2025-01-11T11:53:18.806+0000] {dag.py:4180} INFO - Setting next_dagrun for dynamic_task_mapping_with_fixed_chunk_size to None, run_after=None
[2025-01-11T11:53:18.823+0000] {processor.py:208} INFO - Processing /opt/airflow/dags/experiments/dynamic_task_mapping_parralel_dag.py took 0.106 seconds
[2025-01-11T11:53:49.323+0000] {processor.py:186} INFO - Started process (PID=179) to work on /opt/airflow/dags/experiments/dynamic_task_mapping_parralel_dag.py
[2025-01-11T11:53:49.326+0000] {processor.py:914} INFO - Processing file /opt/airflow/dags/experiments/dynamic_task_mapping_parralel_dag.py for tasks to queue
[2025-01-11T11:53:49.328+0000] {logging_mixin.py:190} INFO - [2025-01-11T11:53:49.328+0000] {dagbag.py:588} INFO - Filling up the DagBag from /opt/airflow/dags/experiments/dynamic_task_mapping_parralel_dag.py
[2025-01-11T11:53:49.349+0000] {processor.py:925} INFO - DAG(s) 'dynamic_task_mapping_with_fixed_chunk_size' retrieved from /opt/airflow/dags/experiments/dynamic_task_mapping_parralel_dag.py
[2025-01-11T11:53:49.378+0000] {logging_mixin.py:190} INFO - [2025-01-11T11:53:49.378+0000] {dag.py:3239} INFO - Sync 1 DAGs
[2025-01-11T11:53:49.859+0000] {logging_mixin.py:190} INFO - [2025-01-11T11:53:49.859+0000] {dag.py:4180} INFO - Setting next_dagrun for dynamic_task_mapping_with_fixed_chunk_size to None, run_after=None
[2025-01-11T11:53:49.879+0000] {processor.py:208} INFO - Processing /opt/airflow/dags/experiments/dynamic_task_mapping_parralel_dag.py took 0.575 seconds
[2025-01-11T11:54:20.273+0000] {processor.py:186} INFO - Started process (PID=187) to work on /opt/airflow/dags/experiments/dynamic_task_mapping_parralel_dag.py
[2025-01-11T11:54:20.275+0000] {processor.py:914} INFO - Processing file /opt/airflow/dags/experiments/dynamic_task_mapping_parralel_dag.py for tasks to queue
[2025-01-11T11:54:20.279+0000] {logging_mixin.py:190} INFO - [2025-01-11T11:54:20.279+0000] {dagbag.py:588} INFO - Filling up the DagBag from /opt/airflow/dags/experiments/dynamic_task_mapping_parralel_dag.py
[2025-01-11T11:54:20.304+0000] {processor.py:925} INFO - DAG(s) 'dynamic_task_mapping_with_fixed_chunk_size' retrieved from /opt/airflow/dags/experiments/dynamic_task_mapping_parralel_dag.py
[2025-01-11T11:54:20.334+0000] {logging_mixin.py:190} INFO - [2025-01-11T11:54:20.334+0000] {dag.py:3239} INFO - Sync 1 DAGs
[2025-01-11T11:54:20.359+0000] {logging_mixin.py:190} INFO - [2025-01-11T11:54:20.359+0000] {dag.py:4180} INFO - Setting next_dagrun for dynamic_task_mapping_with_fixed_chunk_size to None, run_after=None
[2025-01-11T11:54:20.374+0000] {processor.py:208} INFO - Processing /opt/airflow/dags/experiments/dynamic_task_mapping_parralel_dag.py took 0.118 seconds
[2025-01-11T11:54:50.665+0000] {processor.py:186} INFO - Started process (PID=195) to work on /opt/airflow/dags/experiments/dynamic_task_mapping_parralel_dag.py
[2025-01-11T11:54:50.666+0000] {processor.py:914} INFO - Processing file /opt/airflow/dags/experiments/dynamic_task_mapping_parralel_dag.py for tasks to queue
[2025-01-11T11:54:50.668+0000] {logging_mixin.py:190} INFO - [2025-01-11T11:54:50.668+0000] {dagbag.py:588} INFO - Filling up the DagBag from /opt/airflow/dags/experiments/dynamic_task_mapping_parralel_dag.py
[2025-01-11T11:54:50.683+0000] {processor.py:925} INFO - DAG(s) 'dynamic_task_mapping_with_fixed_chunk_size' retrieved from /opt/airflow/dags/experiments/dynamic_task_mapping_parralel_dag.py
[2025-01-11T11:54:50.722+0000] {logging_mixin.py:190} INFO - [2025-01-11T11:54:50.722+0000] {dag.py:3239} INFO - Sync 1 DAGs
[2025-01-11T11:54:50.737+0000] {logging_mixin.py:190} INFO - [2025-01-11T11:54:50.737+0000] {dag.py:4180} INFO - Setting next_dagrun for dynamic_task_mapping_with_fixed_chunk_size to None, run_after=None
[2025-01-11T11:54:50.752+0000] {processor.py:208} INFO - Processing /opt/airflow/dags/experiments/dynamic_task_mapping_parralel_dag.py took 0.093 seconds
[2025-01-11T11:55:21.096+0000] {processor.py:186} INFO - Started process (PID=204) to work on /opt/airflow/dags/experiments/dynamic_task_mapping_parralel_dag.py
[2025-01-11T11:55:21.098+0000] {processor.py:914} INFO - Processing file /opt/airflow/dags/experiments/dynamic_task_mapping_parralel_dag.py for tasks to queue
[2025-01-11T11:55:21.099+0000] {logging_mixin.py:190} INFO - [2025-01-11T11:55:21.099+0000] {dagbag.py:588} INFO - Filling up the DagBag from /opt/airflow/dags/experiments/dynamic_task_mapping_parralel_dag.py
[2025-01-11T11:55:21.109+0000] {processor.py:925} INFO - DAG(s) 'dynamic_task_mapping_with_fixed_chunk_size' retrieved from /opt/airflow/dags/experiments/dynamic_task_mapping_parralel_dag.py
[2025-01-11T11:55:21.120+0000] {logging_mixin.py:190} INFO - [2025-01-11T11:55:21.120+0000] {dag.py:3239} INFO - Sync 1 DAGs
[2025-01-11T11:55:21.134+0000] {logging_mixin.py:190} INFO - [2025-01-11T11:55:21.134+0000] {dag.py:4180} INFO - Setting next_dagrun for dynamic_task_mapping_with_fixed_chunk_size to None, run_after=None
[2025-01-11T11:55:21.143+0000] {processor.py:208} INFO - Processing /opt/airflow/dags/experiments/dynamic_task_mapping_parralel_dag.py took 0.057 seconds
[2025-01-11T11:55:51.167+0000] {processor.py:186} INFO - Started process (PID=214) to work on /opt/airflow/dags/experiments/dynamic_task_mapping_parralel_dag.py
[2025-01-11T11:55:51.168+0000] {processor.py:914} INFO - Processing file /opt/airflow/dags/experiments/dynamic_task_mapping_parralel_dag.py for tasks to queue
[2025-01-11T11:55:51.170+0000] {logging_mixin.py:190} INFO - [2025-01-11T11:55:51.170+0000] {dagbag.py:588} INFO - Filling up the DagBag from /opt/airflow/dags/experiments/dynamic_task_mapping_parralel_dag.py
[2025-01-11T11:55:51.182+0000] {processor.py:925} INFO - DAG(s) 'dynamic_task_mapping_with_fixed_chunk_size' retrieved from /opt/airflow/dags/experiments/dynamic_task_mapping_parralel_dag.py
[2025-01-11T11:55:51.208+0000] {logging_mixin.py:190} INFO - [2025-01-11T11:55:51.207+0000] {dag.py:3239} INFO - Sync 1 DAGs
[2025-01-11T11:55:51.232+0000] {logging_mixin.py:190} INFO - [2025-01-11T11:55:51.231+0000] {dag.py:4180} INFO - Setting next_dagrun for dynamic_task_mapping_with_fixed_chunk_size to None, run_after=None
[2025-01-11T11:55:51.244+0000] {processor.py:208} INFO - Processing /opt/airflow/dags/experiments/dynamic_task_mapping_parralel_dag.py took 0.082 seconds
[2025-01-11T11:56:21.851+0000] {processor.py:186} INFO - Started process (PID=225) to work on /opt/airflow/dags/experiments/dynamic_task_mapping_parralel_dag.py
[2025-01-11T11:56:21.853+0000] {processor.py:914} INFO - Processing file /opt/airflow/dags/experiments/dynamic_task_mapping_parralel_dag.py for tasks to queue
[2025-01-11T11:56:21.854+0000] {logging_mixin.py:190} INFO - [2025-01-11T11:56:21.854+0000] {dagbag.py:588} INFO - Filling up the DagBag from /opt/airflow/dags/experiments/dynamic_task_mapping_parralel_dag.py
[2025-01-11T11:56:21.868+0000] {processor.py:925} INFO - DAG(s) 'dynamic_task_mapping_with_fixed_chunk_size' retrieved from /opt/airflow/dags/experiments/dynamic_task_mapping_parralel_dag.py
[2025-01-11T11:56:22.205+0000] {logging_mixin.py:190} INFO - [2025-01-11T11:56:22.205+0000] {dag.py:3239} INFO - Sync 1 DAGs
[2025-01-11T11:56:22.214+0000] {logging_mixin.py:190} INFO - [2025-01-11T11:56:22.214+0000] {dag.py:4180} INFO - Setting next_dagrun for dynamic_task_mapping_with_fixed_chunk_size to None, run_after=None
[2025-01-11T11:56:22.225+0000] {processor.py:208} INFO - Processing /opt/airflow/dags/experiments/dynamic_task_mapping_parralel_dag.py took 0.393 seconds
[2025-01-11T11:56:52.412+0000] {processor.py:186} INFO - Started process (PID=235) to work on /opt/airflow/dags/experiments/dynamic_task_mapping_parralel_dag.py
[2025-01-11T11:56:52.420+0000] {processor.py:914} INFO - Processing file /opt/airflow/dags/experiments/dynamic_task_mapping_parralel_dag.py for tasks to queue
[2025-01-11T11:56:52.423+0000] {logging_mixin.py:190} INFO - [2025-01-11T11:56:52.422+0000] {dagbag.py:588} INFO - Filling up the DagBag from /opt/airflow/dags/experiments/dynamic_task_mapping_parralel_dag.py
[2025-01-11T11:56:52.445+0000] {processor.py:925} INFO - DAG(s) 'dynamic_task_mapping_with_fixed_chunk_size' retrieved from /opt/airflow/dags/experiments/dynamic_task_mapping_parralel_dag.py
[2025-01-11T11:56:52.466+0000] {logging_mixin.py:190} INFO - [2025-01-11T11:56:52.466+0000] {dag.py:3239} INFO - Sync 1 DAGs
[2025-01-11T11:56:52.483+0000] {logging_mixin.py:190} INFO - [2025-01-11T11:56:52.482+0000] {dag.py:4180} INFO - Setting next_dagrun for dynamic_task_mapping_with_fixed_chunk_size to None, run_after=None
[2025-01-11T11:56:52.499+0000] {processor.py:208} INFO - Processing /opt/airflow/dags/experiments/dynamic_task_mapping_parralel_dag.py took 0.105 seconds
[2025-01-11T11:57:22.832+0000] {processor.py:186} INFO - Started process (PID=246) to work on /opt/airflow/dags/experiments/dynamic_task_mapping_parralel_dag.py
[2025-01-11T11:57:22.833+0000] {processor.py:914} INFO - Processing file /opt/airflow/dags/experiments/dynamic_task_mapping_parralel_dag.py for tasks to queue
[2025-01-11T11:57:22.834+0000] {logging_mixin.py:190} INFO - [2025-01-11T11:57:22.834+0000] {dagbag.py:588} INFO - Filling up the DagBag from /opt/airflow/dags/experiments/dynamic_task_mapping_parralel_dag.py
[2025-01-11T11:57:22.841+0000] {processor.py:925} INFO - DAG(s) 'dynamic_task_mapping_with_fixed_chunk_size' retrieved from /opt/airflow/dags/experiments/dynamic_task_mapping_parralel_dag.py
[2025-01-11T11:57:22.852+0000] {logging_mixin.py:190} INFO - [2025-01-11T11:57:22.852+0000] {dag.py:3239} INFO - Sync 1 DAGs
[2025-01-11T11:57:22.865+0000] {logging_mixin.py:190} INFO - [2025-01-11T11:57:22.865+0000] {dag.py:4180} INFO - Setting next_dagrun for dynamic_task_mapping_with_fixed_chunk_size to None, run_after=None
[2025-01-11T11:57:23.149+0000] {processor.py:208} INFO - Processing /opt/airflow/dags/experiments/dynamic_task_mapping_parralel_dag.py took 0.324 seconds
[2025-01-11T11:57:53.303+0000] {processor.py:186} INFO - Started process (PID=257) to work on /opt/airflow/dags/experiments/dynamic_task_mapping_parralel_dag.py
[2025-01-11T11:57:53.306+0000] {processor.py:914} INFO - Processing file /opt/airflow/dags/experiments/dynamic_task_mapping_parralel_dag.py for tasks to queue
[2025-01-11T11:57:53.308+0000] {logging_mixin.py:190} INFO - [2025-01-11T11:57:53.307+0000] {dagbag.py:588} INFO - Filling up the DagBag from /opt/airflow/dags/experiments/dynamic_task_mapping_parralel_dag.py
[2025-01-11T11:57:53.327+0000] {processor.py:925} INFO - DAG(s) 'dynamic_task_mapping_with_fixed_chunk_size' retrieved from /opt/airflow/dags/experiments/dynamic_task_mapping_parralel_dag.py
[2025-01-11T11:57:53.663+0000] {logging_mixin.py:190} INFO - [2025-01-11T11:57:53.662+0000] {dag.py:3239} INFO - Sync 1 DAGs
[2025-01-11T11:57:53.669+0000] {logging_mixin.py:190} INFO - [2025-01-11T11:57:53.669+0000] {dag.py:4180} INFO - Setting next_dagrun for dynamic_task_mapping_with_fixed_chunk_size to None, run_after=None
[2025-01-11T11:57:53.676+0000] {processor.py:208} INFO - Processing /opt/airflow/dags/experiments/dynamic_task_mapping_parralel_dag.py took 0.384 seconds
[2025-01-11T11:58:23.765+0000] {processor.py:186} INFO - Started process (PID=266) to work on /opt/airflow/dags/experiments/dynamic_task_mapping_parralel_dag.py
[2025-01-11T11:58:23.767+0000] {processor.py:914} INFO - Processing file /opt/airflow/dags/experiments/dynamic_task_mapping_parralel_dag.py for tasks to queue
[2025-01-11T11:58:23.769+0000] {logging_mixin.py:190} INFO - [2025-01-11T11:58:23.768+0000] {dagbag.py:588} INFO - Filling up the DagBag from /opt/airflow/dags/experiments/dynamic_task_mapping_parralel_dag.py
[2025-01-11T11:58:23.783+0000] {processor.py:925} INFO - DAG(s) 'dynamic_task_mapping_with_fixed_chunk_size' retrieved from /opt/airflow/dags/experiments/dynamic_task_mapping_parralel_dag.py
[2025-01-11T11:58:23.811+0000] {logging_mixin.py:190} INFO - [2025-01-11T11:58:23.810+0000] {dag.py:3239} INFO - Sync 1 DAGs
[2025-01-11T11:58:23.838+0000] {logging_mixin.py:190} INFO - [2025-01-11T11:58:23.838+0000] {dag.py:4180} INFO - Setting next_dagrun for dynamic_task_mapping_with_fixed_chunk_size to None, run_after=None
[2025-01-11T11:58:24.160+0000] {processor.py:208} INFO - Processing /opt/airflow/dags/experiments/dynamic_task_mapping_parralel_dag.py took 0.414 seconds
[2025-01-11T11:58:54.226+0000] {processor.py:186} INFO - Started process (PID=274) to work on /opt/airflow/dags/experiments/dynamic_task_mapping_parralel_dag.py
[2025-01-11T11:58:54.234+0000] {processor.py:914} INFO - Processing file /opt/airflow/dags/experiments/dynamic_task_mapping_parralel_dag.py for tasks to queue
[2025-01-11T11:58:54.242+0000] {logging_mixin.py:190} INFO - [2025-01-11T11:58:54.240+0000] {dagbag.py:588} INFO - Filling up the DagBag from /opt/airflow/dags/experiments/dynamic_task_mapping_parralel_dag.py
[2025-01-11T11:58:54.272+0000] {processor.py:925} INFO - DAG(s) 'dynamic_task_mapping_with_fixed_chunk_size' retrieved from /opt/airflow/dags/experiments/dynamic_task_mapping_parralel_dag.py
[2025-01-11T11:58:54.306+0000] {logging_mixin.py:190} INFO - [2025-01-11T11:58:54.305+0000] {dag.py:3239} INFO - Sync 1 DAGs
[2025-01-11T11:58:54.746+0000] {logging_mixin.py:190} INFO - [2025-01-11T11:58:54.746+0000] {dag.py:4180} INFO - Setting next_dagrun for dynamic_task_mapping_with_fixed_chunk_size to None, run_after=None
[2025-01-11T11:58:54.755+0000] {processor.py:208} INFO - Processing /opt/airflow/dags/experiments/dynamic_task_mapping_parralel_dag.py took 0.540 seconds
[2025-01-11T11:59:25.628+0000] {processor.py:186} INFO - Started process (PID=287) to work on /opt/airflow/dags/experiments/dynamic_task_mapping_parralel_dag.py
[2025-01-11T11:59:25.629+0000] {processor.py:914} INFO - Processing file /opt/airflow/dags/experiments/dynamic_task_mapping_parralel_dag.py for tasks to queue
[2025-01-11T11:59:25.630+0000] {logging_mixin.py:190} INFO - [2025-01-11T11:59:25.630+0000] {dagbag.py:588} INFO - Filling up the DagBag from /opt/airflow/dags/experiments/dynamic_task_mapping_parralel_dag.py
[2025-01-11T11:59:25.639+0000] {processor.py:925} INFO - DAG(s) 'dynamic_task_mapping_with_fixed_chunk_size' retrieved from /opt/airflow/dags/experiments/dynamic_task_mapping_parralel_dag.py
[2025-01-11T11:59:25.661+0000] {logging_mixin.py:190} INFO - [2025-01-11T11:59:25.661+0000] {dag.py:3239} INFO - Sync 1 DAGs
[2025-01-11T11:59:25.678+0000] {logging_mixin.py:190} INFO - [2025-01-11T11:59:25.678+0000] {dag.py:4180} INFO - Setting next_dagrun for dynamic_task_mapping_with_fixed_chunk_size to None, run_after=None
[2025-01-11T11:59:25.690+0000] {processor.py:208} INFO - Processing /opt/airflow/dags/experiments/dynamic_task_mapping_parralel_dag.py took 0.067 seconds
[2025-01-11T11:59:56.358+0000] {processor.py:186} INFO - Started process (PID=296) to work on /opt/airflow/dags/experiments/dynamic_task_mapping_parralel_dag.py
[2025-01-11T11:59:56.359+0000] {processor.py:914} INFO - Processing file /opt/airflow/dags/experiments/dynamic_task_mapping_parralel_dag.py for tasks to queue
[2025-01-11T11:59:56.361+0000] {logging_mixin.py:190} INFO - [2025-01-11T11:59:56.360+0000] {dagbag.py:588} INFO - Filling up the DagBag from /opt/airflow/dags/experiments/dynamic_task_mapping_parralel_dag.py
[2025-01-11T11:59:56.389+0000] {processor.py:925} INFO - DAG(s) 'dynamic_task_mapping_with_fixed_chunk_size' retrieved from /opt/airflow/dags/experiments/dynamic_task_mapping_parralel_dag.py
[2025-01-11T11:59:56.417+0000] {logging_mixin.py:190} INFO - [2025-01-11T11:59:56.417+0000] {dag.py:3239} INFO - Sync 1 DAGs
[2025-01-11T11:59:56.800+0000] {logging_mixin.py:190} INFO - [2025-01-11T11:59:56.800+0000] {dag.py:4180} INFO - Setting next_dagrun for dynamic_task_mapping_with_fixed_chunk_size to None, run_after=None
[2025-01-11T11:59:56.813+0000] {processor.py:208} INFO - Processing /opt/airflow/dags/experiments/dynamic_task_mapping_parralel_dag.py took 0.466 seconds
[2025-01-11T12:00:27.526+0000] {processor.py:186} INFO - Started process (PID=306) to work on /opt/airflow/dags/experiments/dynamic_task_mapping_parralel_dag.py
[2025-01-11T12:00:27.527+0000] {processor.py:914} INFO - Processing file /opt/airflow/dags/experiments/dynamic_task_mapping_parralel_dag.py for tasks to queue
[2025-01-11T12:00:27.530+0000] {logging_mixin.py:190} INFO - [2025-01-11T12:00:27.529+0000] {dagbag.py:588} INFO - Filling up the DagBag from /opt/airflow/dags/experiments/dynamic_task_mapping_parralel_dag.py
[2025-01-11T12:00:27.558+0000] {processor.py:925} INFO - DAG(s) 'dynamic_task_mapping_with_fixed_chunk_size' retrieved from /opt/airflow/dags/experiments/dynamic_task_mapping_parralel_dag.py
[2025-01-11T12:00:27.987+0000] {logging_mixin.py:190} INFO - [2025-01-11T12:00:27.987+0000] {dag.py:3239} INFO - Sync 1 DAGs
[2025-01-11T12:00:28.003+0000] {logging_mixin.py:190} INFO - [2025-01-11T12:00:28.003+0000] {dag.py:4180} INFO - Setting next_dagrun for dynamic_task_mapping_with_fixed_chunk_size to None, run_after=None
[2025-01-11T12:00:28.018+0000] {processor.py:208} INFO - Processing /opt/airflow/dags/experiments/dynamic_task_mapping_parralel_dag.py took 0.507 seconds
[2025-01-11T12:00:58.186+0000] {processor.py:186} INFO - Started process (PID=317) to work on /opt/airflow/dags/experiments/dynamic_task_mapping_parralel_dag.py
[2025-01-11T12:00:58.187+0000] {processor.py:914} INFO - Processing file /opt/airflow/dags/experiments/dynamic_task_mapping_parralel_dag.py for tasks to queue
[2025-01-11T12:00:58.188+0000] {logging_mixin.py:190} INFO - [2025-01-11T12:00:58.188+0000] {dagbag.py:588} INFO - Filling up the DagBag from /opt/airflow/dags/experiments/dynamic_task_mapping_parralel_dag.py
[2025-01-11T12:00:58.208+0000] {processor.py:925} INFO - DAG(s) 'dynamic_task_mapping_with_fixed_chunk_size' retrieved from /opt/airflow/dags/experiments/dynamic_task_mapping_parralel_dag.py
[2025-01-11T12:00:58.231+0000] {logging_mixin.py:190} INFO - [2025-01-11T12:00:58.230+0000] {dag.py:3239} INFO - Sync 1 DAGs
[2025-01-11T12:00:58.263+0000] {logging_mixin.py:190} INFO - [2025-01-11T12:00:58.262+0000] {dag.py:4180} INFO - Setting next_dagrun for dynamic_task_mapping_with_fixed_chunk_size to None, run_after=None
[2025-01-11T12:00:58.286+0000] {processor.py:208} INFO - Processing /opt/airflow/dags/experiments/dynamic_task_mapping_parralel_dag.py took 0.108 seconds
[2025-01-11T12:01:28.713+0000] {processor.py:186} INFO - Started process (PID=328) to work on /opt/airflow/dags/experiments/dynamic_task_mapping_parralel_dag.py
[2025-01-11T12:01:28.716+0000] {processor.py:914} INFO - Processing file /opt/airflow/dags/experiments/dynamic_task_mapping_parralel_dag.py for tasks to queue
[2025-01-11T12:01:28.719+0000] {logging_mixin.py:190} INFO - [2025-01-11T12:01:28.718+0000] {dagbag.py:588} INFO - Filling up the DagBag from /opt/airflow/dags/experiments/dynamic_task_mapping_parralel_dag.py
[2025-01-11T12:01:28.746+0000] {processor.py:925} INFO - DAG(s) 'dynamic_task_mapping_with_fixed_chunk_size' retrieved from /opt/airflow/dags/experiments/dynamic_task_mapping_parralel_dag.py
[2025-01-11T12:01:28.770+0000] {logging_mixin.py:190} INFO - [2025-01-11T12:01:28.770+0000] {dag.py:3239} INFO - Sync 1 DAGs
[2025-01-11T12:01:28.784+0000] {logging_mixin.py:190} INFO - [2025-01-11T12:01:28.784+0000] {dag.py:4180} INFO - Setting next_dagrun for dynamic_task_mapping_with_fixed_chunk_size to None, run_after=None
[2025-01-11T12:01:28.794+0000] {processor.py:208} INFO - Processing /opt/airflow/dags/experiments/dynamic_task_mapping_parralel_dag.py took 0.093 seconds
[2025-01-11T12:01:59.408+0000] {processor.py:186} INFO - Started process (PID=336) to work on /opt/airflow/dags/experiments/dynamic_task_mapping_parralel_dag.py
[2025-01-11T12:01:59.411+0000] {processor.py:914} INFO - Processing file /opt/airflow/dags/experiments/dynamic_task_mapping_parralel_dag.py for tasks to queue
[2025-01-11T12:01:59.417+0000] {logging_mixin.py:190} INFO - [2025-01-11T12:01:59.416+0000] {dagbag.py:588} INFO - Filling up the DagBag from /opt/airflow/dags/experiments/dynamic_task_mapping_parralel_dag.py
[2025-01-11T12:01:59.433+0000] {processor.py:925} INFO - DAG(s) 'dynamic_task_mapping_with_fixed_chunk_size' retrieved from /opt/airflow/dags/experiments/dynamic_task_mapping_parralel_dag.py
[2025-01-11T12:01:59.458+0000] {logging_mixin.py:190} INFO - [2025-01-11T12:01:59.458+0000] {dag.py:3239} INFO - Sync 1 DAGs
[2025-01-11T12:02:00.019+0000] {logging_mixin.py:190} INFO - [2025-01-11T12:02:00.018+0000] {dag.py:4180} INFO - Setting next_dagrun for dynamic_task_mapping_with_fixed_chunk_size to None, run_after=None
[2025-01-11T12:02:00.038+0000] {processor.py:208} INFO - Processing /opt/airflow/dags/experiments/dynamic_task_mapping_parralel_dag.py took 0.646 seconds
[2025-01-11T12:02:30.196+0000] {processor.py:186} INFO - Started process (PID=345) to work on /opt/airflow/dags/experiments/dynamic_task_mapping_parralel_dag.py
[2025-01-11T12:02:30.198+0000] {processor.py:914} INFO - Processing file /opt/airflow/dags/experiments/dynamic_task_mapping_parralel_dag.py for tasks to queue
[2025-01-11T12:02:30.200+0000] {logging_mixin.py:190} INFO - [2025-01-11T12:02:30.199+0000] {dagbag.py:588} INFO - Filling up the DagBag from /opt/airflow/dags/experiments/dynamic_task_mapping_parralel_dag.py
[2025-01-11T12:02:30.214+0000] {processor.py:925} INFO - DAG(s) 'dynamic_task_mapping_with_fixed_chunk_size' retrieved from /opt/airflow/dags/experiments/dynamic_task_mapping_parralel_dag.py
[2025-01-11T12:02:30.227+0000] {logging_mixin.py:190} INFO - [2025-01-11T12:02:30.227+0000] {dag.py:3239} INFO - Sync 1 DAGs
[2025-01-11T12:02:30.498+0000] {logging_mixin.py:190} INFO - [2025-01-11T12:02:30.498+0000] {dag.py:4180} INFO - Setting next_dagrun for dynamic_task_mapping_with_fixed_chunk_size to None, run_after=None
[2025-01-11T12:02:30.506+0000] {processor.py:208} INFO - Processing /opt/airflow/dags/experiments/dynamic_task_mapping_parralel_dag.py took 0.337 seconds
[2025-01-11T12:03:00.632+0000] {processor.py:186} INFO - Started process (PID=353) to work on /opt/airflow/dags/experiments/dynamic_task_mapping_parralel_dag.py
[2025-01-11T12:03:00.633+0000] {processor.py:914} INFO - Processing file /opt/airflow/dags/experiments/dynamic_task_mapping_parralel_dag.py for tasks to queue
[2025-01-11T12:03:00.635+0000] {logging_mixin.py:190} INFO - [2025-01-11T12:03:00.635+0000] {dagbag.py:588} INFO - Filling up the DagBag from /opt/airflow/dags/experiments/dynamic_task_mapping_parralel_dag.py
[2025-01-11T12:03:00.652+0000] {processor.py:925} INFO - DAG(s) 'dynamic_task_mapping_with_fixed_chunk_size' retrieved from /opt/airflow/dags/experiments/dynamic_task_mapping_parralel_dag.py
[2025-01-11T12:03:01.073+0000] {logging_mixin.py:190} INFO - [2025-01-11T12:03:01.072+0000] {dag.py:3239} INFO - Sync 1 DAGs
[2025-01-11T12:03:01.081+0000] {logging_mixin.py:190} INFO - [2025-01-11T12:03:01.081+0000] {dag.py:4180} INFO - Setting next_dagrun for dynamic_task_mapping_with_fixed_chunk_size to None, run_after=None
[2025-01-11T12:03:01.089+0000] {processor.py:208} INFO - Processing /opt/airflow/dags/experiments/dynamic_task_mapping_parralel_dag.py took 0.478 seconds
[2025-01-11T12:03:32.164+0000] {processor.py:186} INFO - Started process (PID=361) to work on /opt/airflow/dags/experiments/dynamic_task_mapping_parralel_dag.py
[2025-01-11T12:03:32.166+0000] {processor.py:914} INFO - Processing file /opt/airflow/dags/experiments/dynamic_task_mapping_parralel_dag.py for tasks to queue
[2025-01-11T12:03:32.168+0000] {logging_mixin.py:190} INFO - [2025-01-11T12:03:32.167+0000] {dagbag.py:588} INFO - Filling up the DagBag from /opt/airflow/dags/experiments/dynamic_task_mapping_parralel_dag.py
[2025-01-11T12:03:32.183+0000] {processor.py:925} INFO - DAG(s) 'dynamic_task_mapping_with_fixed_chunk_size' retrieved from /opt/airflow/dags/experiments/dynamic_task_mapping_parralel_dag.py
[2025-01-11T12:03:32.206+0000] {logging_mixin.py:190} INFO - [2025-01-11T12:03:32.206+0000] {dag.py:3239} INFO - Sync 1 DAGs
[2025-01-11T12:03:32.234+0000] {logging_mixin.py:190} INFO - [2025-01-11T12:03:32.234+0000] {dag.py:4180} INFO - Setting next_dagrun for dynamic_task_mapping_with_fixed_chunk_size to None, run_after=None
[2025-01-11T12:03:32.243+0000] {processor.py:208} INFO - Processing /opt/airflow/dags/experiments/dynamic_task_mapping_parralel_dag.py took 0.097 seconds
[2025-01-11T12:04:02.676+0000] {processor.py:186} INFO - Started process (PID=369) to work on /opt/airflow/dags/experiments/dynamic_task_mapping_parralel_dag.py
[2025-01-11T12:04:02.677+0000] {processor.py:914} INFO - Processing file /opt/airflow/dags/experiments/dynamic_task_mapping_parralel_dag.py for tasks to queue
[2025-01-11T12:04:02.678+0000] {logging_mixin.py:190} INFO - [2025-01-11T12:04:02.678+0000] {dagbag.py:588} INFO - Filling up the DagBag from /opt/airflow/dags/experiments/dynamic_task_mapping_parralel_dag.py
[2025-01-11T12:04:02.704+0000] {processor.py:925} INFO - DAG(s) 'dynamic_task_mapping_with_fixed_chunk_size' retrieved from /opt/airflow/dags/experiments/dynamic_task_mapping_parralel_dag.py
[2025-01-11T12:04:02.722+0000] {logging_mixin.py:190} INFO - [2025-01-11T12:04:02.722+0000] {dag.py:3239} INFO - Sync 1 DAGs
[2025-01-11T12:04:02.742+0000] {logging_mixin.py:190} INFO - [2025-01-11T12:04:02.742+0000] {dag.py:4180} INFO - Setting next_dagrun for dynamic_task_mapping_with_fixed_chunk_size to None, run_after=None
[2025-01-11T12:04:02.755+0000] {processor.py:208} INFO - Processing /opt/airflow/dags/experiments/dynamic_task_mapping_parralel_dag.py took 0.094 seconds
[2025-01-11T12:04:33.023+0000] {processor.py:186} INFO - Started process (PID=377) to work on /opt/airflow/dags/experiments/dynamic_task_mapping_parralel_dag.py
[2025-01-11T12:04:33.028+0000] {processor.py:914} INFO - Processing file /opt/airflow/dags/experiments/dynamic_task_mapping_parralel_dag.py for tasks to queue
[2025-01-11T12:04:33.032+0000] {logging_mixin.py:190} INFO - [2025-01-11T12:04:33.030+0000] {dagbag.py:588} INFO - Filling up the DagBag from /opt/airflow/dags/experiments/dynamic_task_mapping_parralel_dag.py
[2025-01-11T12:04:33.054+0000] {processor.py:925} INFO - DAG(s) 'dynamic_task_mapping_with_fixed_chunk_size' retrieved from /opt/airflow/dags/experiments/dynamic_task_mapping_parralel_dag.py
[2025-01-11T12:04:34.243+0000] {logging_mixin.py:190} INFO - [2025-01-11T12:04:34.241+0000] {dag.py:3239} INFO - Sync 1 DAGs
[2025-01-11T12:04:34.278+0000] {logging_mixin.py:190} INFO - [2025-01-11T12:04:34.277+0000] {dag.py:4180} INFO - Setting next_dagrun for dynamic_task_mapping_with_fixed_chunk_size to None, run_after=None
[2025-01-11T12:04:34.313+0000] {processor.py:208} INFO - Processing /opt/airflow/dags/experiments/dynamic_task_mapping_parralel_dag.py took 1.300 seconds
[2025-01-11T12:05:04.547+0000] {processor.py:186} INFO - Started process (PID=385) to work on /opt/airflow/dags/experiments/dynamic_task_mapping_parralel_dag.py
[2025-01-11T12:05:04.549+0000] {processor.py:914} INFO - Processing file /opt/airflow/dags/experiments/dynamic_task_mapping_parralel_dag.py for tasks to queue
[2025-01-11T12:05:04.550+0000] {logging_mixin.py:190} INFO - [2025-01-11T12:05:04.550+0000] {dagbag.py:588} INFO - Filling up the DagBag from /opt/airflow/dags/experiments/dynamic_task_mapping_parralel_dag.py
[2025-01-11T12:05:04.565+0000] {processor.py:925} INFO - DAG(s) 'dynamic_task_mapping_with_fixed_chunk_size' retrieved from /opt/airflow/dags/experiments/dynamic_task_mapping_parralel_dag.py
[2025-01-11T12:05:05.013+0000] {logging_mixin.py:190} INFO - [2025-01-11T12:05:05.013+0000] {dag.py:3239} INFO - Sync 1 DAGs
[2025-01-11T12:05:05.023+0000] {logging_mixin.py:190} INFO - [2025-01-11T12:05:05.022+0000] {dag.py:4180} INFO - Setting next_dagrun for dynamic_task_mapping_with_fixed_chunk_size to None, run_after=None
[2025-01-11T12:05:05.032+0000] {processor.py:208} INFO - Processing /opt/airflow/dags/experiments/dynamic_task_mapping_parralel_dag.py took 0.499 seconds
[2025-01-11T12:05:52.083+0000] {processor.py:186} INFO - Started process (PID=58) to work on /opt/airflow/dags/experiments/dynamic_task_mapping_parralel_dag.py
[2025-01-11T12:05:52.086+0000] {processor.py:914} INFO - Processing file /opt/airflow/dags/experiments/dynamic_task_mapping_parralel_dag.py for tasks to queue
[2025-01-11T12:05:52.094+0000] {logging_mixin.py:190} INFO - [2025-01-11T12:05:52.092+0000] {dagbag.py:588} INFO - Filling up the DagBag from /opt/airflow/dags/experiments/dynamic_task_mapping_parralel_dag.py
[2025-01-11T12:05:58.479+0000] {processor.py:925} INFO - DAG(s) 'dynamic_task_mapping_with_fixed_chunk_size' retrieved from /opt/airflow/dags/experiments/dynamic_task_mapping_parralel_dag.py
[2025-01-11T12:05:58.527+0000] {logging_mixin.py:190} INFO - [2025-01-11T12:05:58.525+0000] {dag.py:3239} INFO - Sync 1 DAGs
[2025-01-11T12:05:58.578+0000] {logging_mixin.py:190} INFO - [2025-01-11T12:05:58.577+0000] {dag.py:4180} INFO - Setting next_dagrun for dynamic_task_mapping_with_fixed_chunk_size to None, run_after=None
[2025-01-11T12:05:58.654+0000] {processor.py:208} INFO - Processing /opt/airflow/dags/experiments/dynamic_task_mapping_parralel_dag.py took 6.674 seconds
[2025-01-11T12:06:29.291+0000] {processor.py:186} INFO - Started process (PID=67) to work on /opt/airflow/dags/experiments/dynamic_task_mapping_parralel_dag.py
[2025-01-11T12:06:29.293+0000] {processor.py:914} INFO - Processing file /opt/airflow/dags/experiments/dynamic_task_mapping_parralel_dag.py for tasks to queue
[2025-01-11T12:06:29.297+0000] {logging_mixin.py:190} INFO - [2025-01-11T12:06:29.297+0000] {dagbag.py:588} INFO - Filling up the DagBag from /opt/airflow/dags/experiments/dynamic_task_mapping_parralel_dag.py
[2025-01-11T12:06:29.979+0000] {processor.py:925} INFO - DAG(s) 'dynamic_task_mapping_with_fixed_chunk_size' retrieved from /opt/airflow/dags/experiments/dynamic_task_mapping_parralel_dag.py
[2025-01-11T12:06:30.054+0000] {logging_mixin.py:190} INFO - [2025-01-11T12:06:30.053+0000] {dag.py:3239} INFO - Sync 1 DAGs
[2025-01-11T12:06:30.061+0000] {logging_mixin.py:190} INFO - [2025-01-11T12:06:30.061+0000] {dag.py:4180} INFO - Setting next_dagrun for dynamic_task_mapping_with_fixed_chunk_size to None, run_after=None
[2025-01-11T12:06:30.070+0000] {processor.py:208} INFO - Processing /opt/airflow/dags/experiments/dynamic_task_mapping_parralel_dag.py took 0.788 seconds
[2025-01-11T12:08:15.455+0000] {processor.py:186} INFO - Started process (PID=46) to work on /opt/airflow/dags/experiments/dynamic_task_mapping_parralel_dag.py
[2025-01-11T12:08:15.457+0000] {processor.py:914} INFO - Processing file /opt/airflow/dags/experiments/dynamic_task_mapping_parralel_dag.py for tasks to queue
[2025-01-11T12:08:15.460+0000] {logging_mixin.py:190} INFO - [2025-01-11T12:08:15.460+0000] {dagbag.py:588} INFO - Filling up the DagBag from /opt/airflow/dags/experiments/dynamic_task_mapping_parralel_dag.py
[2025-01-11T12:08:17.353+0000] {processor.py:925} INFO - DAG(s) 'dynamic_task_mapping_with_fixed_chunk_size' retrieved from /opt/airflow/dags/experiments/dynamic_task_mapping_parralel_dag.py
[2025-01-11T12:08:17.454+0000] {logging_mixin.py:190} INFO - [2025-01-11T12:08:17.441+0000] {dag.py:3239} INFO - Sync 1 DAGs
[2025-01-11T12:08:17.492+0000] {logging_mixin.py:190} INFO - [2025-01-11T12:08:17.491+0000] {dag.py:4180} INFO - Setting next_dagrun for dynamic_task_mapping_with_fixed_chunk_size to None, run_after=None
[2025-01-11T12:08:17.670+0000] {processor.py:208} INFO - Processing /opt/airflow/dags/experiments/dynamic_task_mapping_parralel_dag.py took 2.223 seconds
[2025-01-11T12:08:48.317+0000] {processor.py:186} INFO - Started process (PID=54) to work on /opt/airflow/dags/experiments/dynamic_task_mapping_parralel_dag.py
[2025-01-11T12:08:48.318+0000] {processor.py:914} INFO - Processing file /opt/airflow/dags/experiments/dynamic_task_mapping_parralel_dag.py for tasks to queue
[2025-01-11T12:08:48.320+0000] {logging_mixin.py:190} INFO - [2025-01-11T12:08:48.320+0000] {dagbag.py:588} INFO - Filling up the DagBag from /opt/airflow/dags/experiments/dynamic_task_mapping_parralel_dag.py
[2025-01-11T12:08:48.857+0000] {processor.py:925} INFO - DAG(s) 'dynamic_task_mapping_with_fixed_chunk_size' retrieved from /opt/airflow/dags/experiments/dynamic_task_mapping_parralel_dag.py
[2025-01-11T12:08:48.925+0000] {logging_mixin.py:190} INFO - [2025-01-11T12:08:48.924+0000] {dag.py:3239} INFO - Sync 1 DAGs
[2025-01-11T12:08:48.932+0000] {logging_mixin.py:190} INFO - [2025-01-11T12:08:48.932+0000] {dag.py:4180} INFO - Setting next_dagrun for dynamic_task_mapping_with_fixed_chunk_size to None, run_after=None
[2025-01-11T12:08:48.940+0000] {processor.py:208} INFO - Processing /opt/airflow/dags/experiments/dynamic_task_mapping_parralel_dag.py took 0.629 seconds
[2025-01-11T12:11:21.290+0000] {processor.py:186} INFO - Started process (PID=68) to work on /opt/airflow/dags/experiments/dynamic_task_mapping_parralel_dag.py
[2025-01-11T12:11:21.301+0000] {processor.py:914} INFO - Processing file /opt/airflow/dags/experiments/dynamic_task_mapping_parralel_dag.py for tasks to queue
[2025-01-11T12:11:21.323+0000] {logging_mixin.py:190} INFO - [2025-01-11T12:11:21.317+0000] {dagbag.py:588} INFO - Filling up the DagBag from /opt/airflow/dags/experiments/dynamic_task_mapping_parralel_dag.py
[2025-01-11T12:11:30.205+0000] {processor.py:925} INFO - DAG(s) 'dynamic_task_mapping_with_fixed_chunk_size' retrieved from /opt/airflow/dags/experiments/dynamic_task_mapping_parralel_dag.py
[2025-01-11T12:11:30.384+0000] {logging_mixin.py:190} INFO - [2025-01-11T12:11:30.374+0000] {dag.py:3239} INFO - Sync 1 DAGs
[2025-01-11T12:11:30.442+0000] {logging_mixin.py:190} INFO - [2025-01-11T12:11:30.442+0000] {dag.py:4180} INFO - Setting next_dagrun for dynamic_task_mapping_with_fixed_chunk_size to None, run_after=None
[2025-01-11T12:11:30.505+0000] {processor.py:208} INFO - Processing /opt/airflow/dags/experiments/dynamic_task_mapping_parralel_dag.py took 9.270 seconds
[2025-01-11T12:12:00.898+0000] {processor.py:186} INFO - Started process (PID=77) to work on /opt/airflow/dags/experiments/dynamic_task_mapping_parralel_dag.py
[2025-01-11T12:12:00.903+0000] {processor.py:914} INFO - Processing file /opt/airflow/dags/experiments/dynamic_task_mapping_parralel_dag.py for tasks to queue
[2025-01-11T12:12:00.925+0000] {logging_mixin.py:190} INFO - [2025-01-11T12:12:00.922+0000] {dagbag.py:588} INFO - Filling up the DagBag from /opt/airflow/dags/experiments/dynamic_task_mapping_parralel_dag.py
[2025-01-11T12:12:06.594+0000] {processor.py:925} INFO - DAG(s) 'dynamic_task_mapping_with_fixed_chunk_size' retrieved from /opt/airflow/dags/experiments/dynamic_task_mapping_parralel_dag.py
[2025-01-11T12:12:07.075+0000] {logging_mixin.py:190} INFO - [2025-01-11T12:12:07.071+0000] {dag.py:3239} INFO - Sync 1 DAGs
[2025-01-11T12:12:07.121+0000] {logging_mixin.py:190} INFO - [2025-01-11T12:12:07.120+0000] {dag.py:4180} INFO - Setting next_dagrun for dynamic_task_mapping_with_fixed_chunk_size to None, run_after=None
[2025-01-11T12:12:07.218+0000] {processor.py:208} INFO - Processing /opt/airflow/dags/experiments/dynamic_task_mapping_parralel_dag.py took 6.374 seconds
[2025-01-11T12:12:37.509+0000] {processor.py:186} INFO - Started process (PID=86) to work on /opt/airflow/dags/experiments/dynamic_task_mapping_parralel_dag.py
[2025-01-11T12:12:37.516+0000] {processor.py:914} INFO - Processing file /opt/airflow/dags/experiments/dynamic_task_mapping_parralel_dag.py for tasks to queue
[2025-01-11T12:12:37.526+0000] {logging_mixin.py:190} INFO - [2025-01-11T12:12:37.524+0000] {dagbag.py:588} INFO - Filling up the DagBag from /opt/airflow/dags/experiments/dynamic_task_mapping_parralel_dag.py
[2025-01-11T12:12:42.812+0000] {processor.py:925} INFO - DAG(s) 'dynamic_task_mapping_with_fixed_chunk_size' retrieved from /opt/airflow/dags/experiments/dynamic_task_mapping_parralel_dag.py
[2025-01-11T12:12:42.885+0000] {logging_mixin.py:190} INFO - [2025-01-11T12:12:42.884+0000] {dag.py:3239} INFO - Sync 1 DAGs
[2025-01-11T12:12:42.923+0000] {logging_mixin.py:190} INFO - [2025-01-11T12:12:42.923+0000] {dag.py:4180} INFO - Setting next_dagrun for dynamic_task_mapping_with_fixed_chunk_size to None, run_after=None
[2025-01-11T12:12:42.935+0000] {processor.py:208} INFO - Processing /opt/airflow/dags/experiments/dynamic_task_mapping_parralel_dag.py took 5.489 seconds
[2025-01-11T12:13:13.364+0000] {processor.py:186} INFO - Started process (PID=95) to work on /opt/airflow/dags/experiments/dynamic_task_mapping_parralel_dag.py
[2025-01-11T12:13:13.376+0000] {processor.py:914} INFO - Processing file /opt/airflow/dags/experiments/dynamic_task_mapping_parralel_dag.py for tasks to queue
[2025-01-11T12:13:13.408+0000] {logging_mixin.py:190} INFO - [2025-01-11T12:13:13.404+0000] {dagbag.py:588} INFO - Filling up the DagBag from /opt/airflow/dags/experiments/dynamic_task_mapping_parralel_dag.py
[2025-01-11T12:13:28.111+0000] {processor.py:925} INFO - DAG(s) 'dynamic_task_mapping_with_fixed_chunk_size' retrieved from /opt/airflow/dags/experiments/dynamic_task_mapping_parralel_dag.py
[2025-01-11T12:13:28.243+0000] {logging_mixin.py:190} INFO - [2025-01-11T12:13:28.241+0000] {dag.py:3239} INFO - Sync 1 DAGs
[2025-01-11T12:13:28.311+0000] {logging_mixin.py:190} INFO - [2025-01-11T12:13:28.310+0000] {dag.py:4180} INFO - Setting next_dagrun for dynamic_task_mapping_with_fixed_chunk_size to None, run_after=None
[2025-01-11T12:13:28.336+0000] {processor.py:208} INFO - Processing /opt/airflow/dags/experiments/dynamic_task_mapping_parralel_dag.py took 15.034 seconds
[2025-01-11T12:13:59.927+0000] {processor.py:186} INFO - Started process (PID=110) to work on /opt/airflow/dags/experiments/dynamic_task_mapping_parralel_dag.py
[2025-01-11T12:14:01.811+0000] {processor.py:914} INFO - Processing file /opt/airflow/dags/experiments/dynamic_task_mapping_parralel_dag.py for tasks to queue
[2025-01-11T12:14:03.418+0000] {logging_mixin.py:190} INFO - [2025-01-11T12:14:03.390+0000] {dagbag.py:588} INFO - Filling up the DagBag from /opt/airflow/dags/experiments/dynamic_task_mapping_parralel_dag.py
[2025-01-11T12:14:38.118+0000] {logging_mixin.py:190} INFO - [2025-01-11T12:14:38.111+0000] {timeout.py:68} ERROR - Process timed out, PID: 110
[2025-01-11T12:14:38.123+0000] {logging_mixin.py:190} WARNING - Exception ignored in: <function WeakKeyDictionary.__init__.<locals>.remove at 0xffff915b1510>
[2025-01-11T12:14:38.123+0000] {logging_mixin.py:190} WARNING - Traceback (most recent call last):
[2025-01-11T12:14:38.123+0000] {logging_mixin.py:190} WARNING -   File "/usr/local/lib/python3.10/weakref.py", line 370, in remove
[2025-01-11T12:14:38.125+0000] {logging_mixin.py:190} WARNING -     def remove(k, selfref=ref(self)):
[2025-01-11T12:14:38.126+0000] {logging_mixin.py:190} WARNING -   File "/home/airflow/.local/lib/python3.10/site-packages/airflow/utils/timeout.py", line 69, in handle_timeout
[2025-01-11T12:14:38.127+0000] {logging_mixin.py:190} WARNING -     raise AirflowTaskTimeout(self.error_message)
[2025-01-11T12:14:38.127+0000] {logging_mixin.py:190} WARNING - airflow.exceptions.AirflowTaskTimeout: DagBag import timeout for /opt/airflow/dags/experiments/dynamic_task_mapping_parralel_dag.py after 30.0s.
Please take a look at these docs to improve your DAG import time:
* https://airflow.apache.org/docs/apache-airflow/2.10.3/best-practices.html#top-level-python-code
* https://airflow.apache.org/docs/apache-airflow/2.10.3/best-practices.html#reducing-dag-complexity, PID: 110
[2025-01-11T12:14:40.289+0000] {processor.py:925} INFO - DAG(s) 'dynamic_task_mapping_with_fixed_chunk_size' retrieved from /opt/airflow/dags/experiments/dynamic_task_mapping_parralel_dag.py
[2025-01-11T12:14:40.933+0000] {logging_mixin.py:190} INFO - [2025-01-11T12:14:40.929+0000] {dag.py:3239} INFO - Sync 1 DAGs
[2025-01-11T12:14:40.968+0000] {logging_mixin.py:190} INFO - [2025-01-11T12:14:40.968+0000] {dag.py:4180} INFO - Setting next_dagrun for dynamic_task_mapping_with_fixed_chunk_size to None, run_after=None
[2025-01-11T12:14:41.016+0000] {processor.py:208} INFO - Processing /opt/airflow/dags/experiments/dynamic_task_mapping_parralel_dag.py took 41.433 seconds
[2025-01-11T12:15:20.339+0000] {processor.py:186} INFO - Started process (PID=125) to work on /opt/airflow/dags/experiments/dynamic_task_mapping_parralel_dag.py
[2025-01-11T12:15:20.528+0000] {processor.py:914} INFO - Processing file /opt/airflow/dags/experiments/dynamic_task_mapping_parralel_dag.py for tasks to queue
[2025-01-11T12:15:21.482+0000] {logging_mixin.py:190} INFO - [2025-01-11T12:15:21.415+0000] {dagbag.py:588} INFO - Filling up the DagBag from /opt/airflow/dags/experiments/dynamic_task_mapping_parralel_dag.py
[2025-01-11T12:15:44.563+0000] {processor.py:925} INFO - DAG(s) 'dynamic_task_mapping_with_fixed_chunk_size' retrieved from /opt/airflow/dags/experiments/dynamic_task_mapping_parralel_dag.py
[2025-01-11T12:15:44.827+0000] {logging_mixin.py:190} INFO - [2025-01-11T12:15:44.815+0000] {dag.py:3239} INFO - Sync 1 DAGs
[2025-01-11T12:15:45.052+0000] {logging_mixin.py:190} INFO - [2025-01-11T12:15:45.050+0000] {dag.py:4180} INFO - Setting next_dagrun for dynamic_task_mapping_with_fixed_chunk_size to None, run_after=None
[2025-01-11T12:15:45.190+0000] {processor.py:208} INFO - Processing /opt/airflow/dags/experiments/dynamic_task_mapping_parralel_dag.py took 25.683 seconds
[2025-01-11T12:16:15.646+0000] {processor.py:186} INFO - Started process (PID=140) to work on /opt/airflow/dags/experiments/dynamic_task_mapping_parralel_dag.py
[2025-01-11T12:16:15.647+0000] {processor.py:914} INFO - Processing file /opt/airflow/dags/experiments/dynamic_task_mapping_parralel_dag.py for tasks to queue
[2025-01-11T12:16:15.649+0000] {logging_mixin.py:190} INFO - [2025-01-11T12:16:15.649+0000] {dagbag.py:588} INFO - Filling up the DagBag from /opt/airflow/dags/experiments/dynamic_task_mapping_parralel_dag.py
[2025-01-11T12:16:17.462+0000] {processor.py:925} INFO - DAG(s) 'dynamic_task_mapping_with_fixed_chunk_size' retrieved from /opt/airflow/dags/experiments/dynamic_task_mapping_parralel_dag.py
