[2025-01-11T13:57:18.717+0000] {local_task_job_runner.py:123} INFO - ::group::Pre task execution logs
[2025-01-11T13:57:18.836+0000] {taskinstance.py:2613} INFO - Dependencies all met for dep_context=non-requeueable deps ti=<TaskInstance: dynamic_task_mapping_python_operator.process_chunk manual__2025-01-11T13:57:13.578740+00:00 map_index=8 [queued]>
[2025-01-11T13:57:18.865+0000] {taskinstance.py:2613} INFO - Dependencies all met for dep_context=requeueable deps ti=<TaskInstance: dynamic_task_mapping_python_operator.process_chunk manual__2025-01-11T13:57:13.578740+00:00 map_index=8 [queued]>
[2025-01-11T13:57:18.870+0000] {taskinstance.py:2866} INFO - Starting attempt 1 of 1
[2025-01-11T13:57:19.004+0000] {taskinstance.py:2889} INFO - Executing <Mapped(PythonOperator): process_chunk> on 2025-01-11 13:57:13.578740+00:00
[2025-01-11T13:57:19.042+0000] {standard_task_runner.py:72} INFO - Started process 1922 to run task
[2025-01-11T13:57:19.069+0000] {standard_task_runner.py:104} INFO - Running: ['***', 'tasks', 'run', 'dynamic_task_mapping_python_operator', 'process_chunk', 'manual__2025-01-11T13:57:13.578740+00:00', '--job-id', '910', '--raw', '--subdir', 'DAGS_FOLDER/experiments/dynamic_task_mapping_sequentials.py', '--cfg-path', '/tmp/tmpdnvkllza', '--map-index', '8']
[2025-01-11T13:57:19.080+0000] {standard_task_runner.py:105} INFO - Job 910: Subtask process_chunk
[2025-01-11T13:57:19.872+0000] {task_command.py:467} INFO - Running <TaskInstance: dynamic_task_mapping_python_operator.process_chunk manual__2025-01-11T13:57:13.578740+00:00 map_index=8 [running]> on host 02aab7e5da88
[2025-01-11T13:57:25.781+0000] {taskinstance.py:3132} INFO - Exporting env vars: AIRFLOW_CTX_DAG_OWNER='***' AIRFLOW_CTX_DAG_ID='dynamic_task_mapping_python_operator' AIRFLOW_CTX_TASK_ID='process_chunk' AIRFLOW_CTX_EXECUTION_DATE='2025-01-11T13:57:13.578740+00:00' AIRFLOW_CTX_TRY_NUMBER='1' AIRFLOW_CTX_DAG_RUN_ID='manual__2025-01-11T13:57:13.578740+00:00'
[2025-01-11T13:57:25.788+0000] {taskinstance.py:731} INFO - ::endgroup::
[2025-01-11T13:57:25.832+0000] {logging_mixin.py:190} INFO - Memproses 10 pesan. Contoh pesan: [80, 81, 82, 83, 84]...
[2025-01-11T13:57:25.833+0000] {logging_mixin.py:190} INFO - Processing code: 80
[2025-01-11T13:57:25.834+0000] {logging_mixin.py:190} INFO - Processing code: 81
[2025-01-11T13:57:25.838+0000] {logging_mixin.py:190} INFO - Processing code: 82
[2025-01-11T13:57:25.839+0000] {logging_mixin.py:190} INFO - Processing code: 83
[2025-01-11T13:57:25.841+0000] {logging_mixin.py:190} INFO - Processing code: 84
[2025-01-11T13:57:25.842+0000] {logging_mixin.py:190} INFO - Processing code: 85
[2025-01-11T13:57:25.842+0000] {logging_mixin.py:190} INFO - Processing code: 86
[2025-01-11T13:57:25.843+0000] {logging_mixin.py:190} INFO - Processing code: 87
[2025-01-11T13:57:25.844+0000] {logging_mixin.py:190} INFO - Processing code: 88
[2025-01-11T13:57:25.845+0000] {logging_mixin.py:190} INFO - Processing code: 89
[2025-01-11T13:57:25.846+0000] {python.py:240} INFO - Done. Returned value was: None
[2025-01-11T13:57:26.026+0000] {taskinstance.py:340} INFO - ::group::Post task execution logs
[2025-01-11T13:57:26.031+0000] {taskinstance.py:352} INFO - Marking task as SUCCESS. dag_id=dynamic_task_mapping_python_operator, task_id=process_chunk, run_id=manual__2025-01-11T13:57:13.578740+00:00, map_index=8, execution_date=20250111T135713, start_date=20250111T135718, end_date=20250111T135726
[2025-01-11T13:57:26.279+0000] {local_task_job_runner.py:266} INFO - Task exited with return code 0
[2025-01-11T13:57:26.404+0000] {taskinstance.py:3895} INFO - 0 downstream tasks scheduled from follow-on schedule check
[2025-01-11T13:57:26.410+0000] {local_task_job_runner.py:245} INFO - ::endgroup::
