[2025-01-11T13:56:08.270+0000] {local_task_job_runner.py:123} INFO - ::group::Pre task execution logs
[2025-01-11T13:56:08.374+0000] {taskinstance.py:2613} INFO - Dependencies all met for dep_context=non-requeueable deps ti=<TaskInstance: dynamic_task_mapping_python_operator.process_chunk manual__2025-01-11T13:56:02.879668+00:00 map_index=1 [queued]>
[2025-01-11T13:56:08.425+0000] {taskinstance.py:2613} INFO - Dependencies all met for dep_context=requeueable deps ti=<TaskInstance: dynamic_task_mapping_python_operator.process_chunk manual__2025-01-11T13:56:02.879668+00:00 map_index=1 [queued]>
[2025-01-11T13:56:08.434+0000] {taskinstance.py:2866} INFO - Starting attempt 1 of 1
[2025-01-11T13:56:08.492+0000] {taskinstance.py:2889} INFO - Executing <Mapped(PythonOperator): process_chunk> on 2025-01-11 13:56:02.879668+00:00
[2025-01-11T13:56:08.505+0000] {standard_task_runner.py:72} INFO - Started process 1873 to run task
[2025-01-11T13:56:08.539+0000] {standard_task_runner.py:104} INFO - Running: ['***', 'tasks', 'run', 'dynamic_task_mapping_python_operator', 'process_chunk', 'manual__2025-01-11T13:56:02.879668+00:00', '--job-id', '900', '--raw', '--subdir', 'DAGS_FOLDER/experiments/dynamic_task_mapping_sequentials.py', '--cfg-path', '/tmp/tmp_ugecl_p', '--map-index', '1']
[2025-01-11T13:56:08.551+0000] {standard_task_runner.py:105} INFO - Job 900: Subtask process_chunk
[2025-01-11T13:56:19.272+0000] {task_command.py:467} INFO - Running <TaskInstance: dynamic_task_mapping_python_operator.process_chunk manual__2025-01-11T13:56:02.879668+00:00 map_index=1 [running]> on host 02aab7e5da88
[2025-01-11T13:56:20.341+0000] {job.py:229} INFO - Heartbeat recovered after 12.29 seconds
[2025-01-11T13:56:21.881+0000] {taskinstance.py:3132} INFO - Exporting env vars: AIRFLOW_CTX_DAG_OWNER='***' AIRFLOW_CTX_DAG_ID='dynamic_task_mapping_python_operator' AIRFLOW_CTX_TASK_ID='process_chunk' AIRFLOW_CTX_EXECUTION_DATE='2025-01-11T13:56:02.879668+00:00' AIRFLOW_CTX_TRY_NUMBER='1' AIRFLOW_CTX_DAG_RUN_ID='manual__2025-01-11T13:56:02.879668+00:00'
[2025-01-11T13:56:21.887+0000] {taskinstance.py:731} INFO - ::endgroup::
[2025-01-11T13:56:22.004+0000] {logging_mixin.py:190} INFO - Memproses 10 pesan. Contoh pesan: [10, 11, 12, 13, 14]...
[2025-01-11T13:56:22.014+0000] {logging_mixin.py:190} INFO - Processing code: 10
[2025-01-11T13:56:22.021+0000] {logging_mixin.py:190} INFO - Processing code: 11
[2025-01-11T13:56:22.024+0000] {logging_mixin.py:190} INFO - Processing code: 12
[2025-01-11T13:56:22.026+0000] {logging_mixin.py:190} INFO - Processing code: 13
[2025-01-11T13:56:22.028+0000] {logging_mixin.py:190} INFO - Processing code: 14
[2025-01-11T13:56:22.032+0000] {logging_mixin.py:190} INFO - Processing code: 15
[2025-01-11T13:56:22.045+0000] {logging_mixin.py:190} INFO - Processing code: 16
[2025-01-11T13:56:22.054+0000] {logging_mixin.py:190} INFO - Processing code: 17
[2025-01-11T13:56:22.070+0000] {logging_mixin.py:190} INFO - Processing code: 18
[2025-01-11T13:56:22.076+0000] {logging_mixin.py:190} INFO - Processing code: 19
[2025-01-11T13:56:22.078+0000] {python.py:240} INFO - Done. Returned value was: None
[2025-01-11T13:56:22.241+0000] {taskinstance.py:340} INFO - ::group::Post task execution logs
[2025-01-11T13:56:22.247+0000] {taskinstance.py:352} INFO - Marking task as SUCCESS. dag_id=dynamic_task_mapping_python_operator, task_id=process_chunk, run_id=manual__2025-01-11T13:56:02.879668+00:00, map_index=1, execution_date=20250111T135602, start_date=20250111T135608, end_date=20250111T135622
[2025-01-11T13:56:22.496+0000] {local_task_job_runner.py:266} INFO - Task exited with return code 0
[2025-01-11T13:56:22.828+0000] {taskinstance.py:3895} INFO - 0 downstream tasks scheduled from follow-on schedule check
[2025-01-11T13:56:22.850+0000] {local_task_job_runner.py:245} INFO - ::endgroup::
