[2025-01-11T13:56:08.274+0000] {local_task_job_runner.py:123} INFO - ::group::Pre task execution logs
[2025-01-11T13:56:08.333+0000] {taskinstance.py:2613} INFO - Dependencies all met for dep_context=non-requeueable deps ti=<TaskInstance: dynamic_task_mapping_python_operator.process_chunk manual__2025-01-11T13:56:02.879668+00:00 map_index=9 [queued]>
[2025-01-11T13:56:08.368+0000] {taskinstance.py:2613} INFO - Dependencies all met for dep_context=requeueable deps ti=<TaskInstance: dynamic_task_mapping_python_operator.process_chunk manual__2025-01-11T13:56:02.879668+00:00 map_index=9 [queued]>
[2025-01-11T13:56:08.373+0000] {taskinstance.py:2866} INFO - Starting attempt 1 of 1
[2025-01-11T13:56:08.428+0000] {taskinstance.py:2889} INFO - Executing <Mapped(PythonOperator): process_chunk> on 2025-01-11 13:56:02.879668+00:00
[2025-01-11T13:56:08.446+0000] {standard_task_runner.py:72} INFO - Started process 1868 to run task
[2025-01-11T13:56:08.481+0000] {standard_task_runner.py:104} INFO - Running: ['***', 'tasks', 'run', 'dynamic_task_mapping_python_operator', 'process_chunk', 'manual__2025-01-11T13:56:02.879668+00:00', '--job-id', '898', '--raw', '--subdir', 'DAGS_FOLDER/experiments/dynamic_task_mapping_sequentials.py', '--cfg-path', '/tmp/tmpbxc9x3gu', '--map-index', '9']
[2025-01-11T13:56:08.498+0000] {standard_task_runner.py:105} INFO - Job 898: Subtask process_chunk
[2025-01-11T13:56:09.348+0000] {task_command.py:467} INFO - Running <TaskInstance: dynamic_task_mapping_python_operator.process_chunk manual__2025-01-11T13:56:02.879668+00:00 map_index=9 [running]> on host 02aab7e5da88
[2025-01-11T13:56:20.542+0000] {job.py:229} INFO - Heartbeat recovered after 12.50 seconds
[2025-01-11T13:56:21.745+0000] {taskinstance.py:3132} INFO - Exporting env vars: AIRFLOW_CTX_DAG_OWNER='***' AIRFLOW_CTX_DAG_ID='dynamic_task_mapping_python_operator' AIRFLOW_CTX_TASK_ID='process_chunk' AIRFLOW_CTX_EXECUTION_DATE='2025-01-11T13:56:02.879668+00:00' AIRFLOW_CTX_TRY_NUMBER='1' AIRFLOW_CTX_DAG_RUN_ID='manual__2025-01-11T13:56:02.879668+00:00'
[2025-01-11T13:56:21.773+0000] {taskinstance.py:731} INFO - ::endgroup::
[2025-01-11T13:56:21.967+0000] {logging_mixin.py:190} INFO - Memproses 10 pesan. Contoh pesan: [90, 91, 92, 93, 94]...
[2025-01-11T13:56:21.971+0000] {logging_mixin.py:190} INFO - Processing code: 90
[2025-01-11T13:56:21.972+0000] {logging_mixin.py:190} INFO - Processing code: 91
[2025-01-11T13:56:21.985+0000] {logging_mixin.py:190} INFO - Processing code: 92
[2025-01-11T13:56:21.990+0000] {logging_mixin.py:190} INFO - Processing code: 93
[2025-01-11T13:56:22.004+0000] {logging_mixin.py:190} INFO - Processing code: 94
[2025-01-11T13:56:22.010+0000] {logging_mixin.py:190} INFO - Processing code: 95
[2025-01-11T13:56:22.015+0000] {logging_mixin.py:190} INFO - Processing code: 96
[2025-01-11T13:56:22.017+0000] {logging_mixin.py:190} INFO - Processing code: 97
[2025-01-11T13:56:22.021+0000] {logging_mixin.py:190} INFO - Processing code: 98
[2025-01-11T13:56:22.025+0000] {logging_mixin.py:190} INFO - Processing code: 99
[2025-01-11T13:56:22.027+0000] {python.py:240} INFO - Done. Returned value was: None
[2025-01-11T13:56:22.132+0000] {taskinstance.py:340} INFO - ::group::Post task execution logs
[2025-01-11T13:56:22.139+0000] {taskinstance.py:352} INFO - Marking task as SUCCESS. dag_id=dynamic_task_mapping_python_operator, task_id=process_chunk, run_id=manual__2025-01-11T13:56:02.879668+00:00, map_index=9, execution_date=20250111T135602, start_date=20250111T135608, end_date=20250111T135622
[2025-01-11T13:56:22.404+0000] {local_task_job_runner.py:266} INFO - Task exited with return code 0
[2025-01-11T13:56:22.697+0000] {local_task_job_runner.py:245} INFO - ::endgroup::
