[2025-01-11T13:54:01.893+0000] {local_task_job_runner.py:123} INFO - ::group::Pre task execution logs
[2025-01-11T13:54:01.917+0000] {taskinstance.py:2613} INFO - Dependencies all met for dep_context=non-requeueable deps ti=<TaskInstance: dynamic_task_mapping_python_operator.process_chunk manual__2025-01-11T13:53:57.676217+00:00 map_index=3 [queued]>
[2025-01-11T13:54:01.939+0000] {taskinstance.py:2613} INFO - Dependencies all met for dep_context=requeueable deps ti=<TaskInstance: dynamic_task_mapping_python_operator.process_chunk manual__2025-01-11T13:53:57.676217+00:00 map_index=3 [queued]>
[2025-01-11T13:54:01.941+0000] {taskinstance.py:2866} INFO - Starting attempt 1 of 1
[2025-01-11T13:54:01.956+0000] {taskinstance.py:2889} INFO - Executing <Mapped(PythonOperator): process_chunk> on 2025-01-11 13:53:57.676217+00:00
[2025-01-11T13:54:01.966+0000] {standard_task_runner.py:72} INFO - Started process 1782 to run task
[2025-01-11T13:54:01.973+0000] {standard_task_runner.py:104} INFO - Running: ['***', 'tasks', 'run', 'dynamic_task_mapping_python_operator', 'process_chunk', 'manual__2025-01-11T13:53:57.676217+00:00', '--job-id', '879', '--raw', '--subdir', 'DAGS_FOLDER/experiments/dynamic_task_mapping_sequentials.py', '--cfg-path', '/tmp/tmp4pmrzrmo', '--map-index', '3']
[2025-01-11T13:54:01.978+0000] {standard_task_runner.py:105} INFO - Job 879: Subtask process_chunk
[2025-01-11T13:54:02.210+0000] {task_command.py:467} INFO - Running <TaskInstance: dynamic_task_mapping_python_operator.process_chunk manual__2025-01-11T13:53:57.676217+00:00 map_index=3 [running]> on host 02aab7e5da88
[2025-01-11T13:54:03.230+0000] {taskinstance.py:3132} INFO - Exporting env vars: AIRFLOW_CTX_DAG_OWNER='***' AIRFLOW_CTX_DAG_ID='dynamic_task_mapping_python_operator' AIRFLOW_CTX_TASK_ID='process_chunk' AIRFLOW_CTX_EXECUTION_DATE='2025-01-11T13:53:57.676217+00:00' AIRFLOW_CTX_TRY_NUMBER='1' AIRFLOW_CTX_DAG_RUN_ID='manual__2025-01-11T13:53:57.676217+00:00'
[2025-01-11T13:54:03.249+0000] {taskinstance.py:731} INFO - ::endgroup::
[2025-01-11T13:54:03.306+0000] {logging_mixin.py:190} INFO - Memproses 5 pesan. Contoh pesan: chunk...
[2025-01-11T13:54:03.308+0000] {logging_mixin.py:190} INFO - Processing code: c
[2025-01-11T13:54:03.309+0000] {logging_mixin.py:190} INFO - Processing code: h
[2025-01-11T13:54:03.310+0000] {logging_mixin.py:190} INFO - Processing code: u
[2025-01-11T13:54:03.315+0000] {logging_mixin.py:190} INFO - Processing code: n
[2025-01-11T13:54:03.318+0000] {logging_mixin.py:190} INFO - Processing code: k
[2025-01-11T13:54:03.319+0000] {python.py:240} INFO - Done. Returned value was: None
[2025-01-11T13:54:03.424+0000] {taskinstance.py:340} INFO - ::group::Post task execution logs
[2025-01-11T13:54:03.430+0000] {taskinstance.py:352} INFO - Marking task as SUCCESS. dag_id=dynamic_task_mapping_python_operator, task_id=process_chunk, run_id=manual__2025-01-11T13:53:57.676217+00:00, map_index=3, execution_date=20250111T135357, start_date=20250111T135401, end_date=20250111T135403
[2025-01-11T13:54:03.572+0000] {local_task_job_runner.py:266} INFO - Task exited with return code 0
[2025-01-11T13:54:03.665+0000] {local_task_job_runner.py:245} INFO - ::endgroup::
