[2025-01-11T13:56:21.464+0000] {local_task_job_runner.py:123} INFO - ::group::Pre task execution logs
[2025-01-11T13:56:21.805+0000] {taskinstance.py:2613} INFO - Dependencies all met for dep_context=non-requeueable deps ti=<TaskInstance: dynamic_task_mapping_python_operator.process_chunk manual__2025-01-11T13:56:02.879668+00:00 map_index=2 [queued]>
[2025-01-11T13:56:21.867+0000] {taskinstance.py:2613} INFO - Dependencies all met for dep_context=requeueable deps ti=<TaskInstance: dynamic_task_mapping_python_operator.process_chunk manual__2025-01-11T13:56:02.879668+00:00 map_index=2 [queued]>
[2025-01-11T13:56:21.886+0000] {taskinstance.py:2866} INFO - Starting attempt 1 of 1
[2025-01-11T13:56:22.030+0000] {taskinstance.py:2889} INFO - Executing <Mapped(PythonOperator): process_chunk> on 2025-01-11 13:56:02.879668+00:00
[2025-01-11T13:56:22.124+0000] {standard_task_runner.py:72} INFO - Started process 1888 to run task
[2025-01-11T13:56:22.209+0000] {standard_task_runner.py:104} INFO - Running: ['***', 'tasks', 'run', 'dynamic_task_mapping_python_operator', 'process_chunk', 'manual__2025-01-11T13:56:02.879668+00:00', '--job-id', '904', '--raw', '--subdir', 'DAGS_FOLDER/experiments/dynamic_task_mapping_sequentials.py', '--cfg-path', '/tmp/tmp1xbylc1s', '--map-index', '2']
[2025-01-11T13:56:22.236+0000] {standard_task_runner.py:105} INFO - Job 904: Subtask process_chunk
[2025-01-11T13:56:22.924+0000] {task_command.py:467} INFO - Running <TaskInstance: dynamic_task_mapping_python_operator.process_chunk manual__2025-01-11T13:56:02.879668+00:00 map_index=2 [running]> on host 02aab7e5da88
[2025-01-11T13:56:23.407+0000] {taskinstance.py:3132} INFO - Exporting env vars: AIRFLOW_CTX_DAG_OWNER='***' AIRFLOW_CTX_DAG_ID='dynamic_task_mapping_python_operator' AIRFLOW_CTX_TASK_ID='process_chunk' AIRFLOW_CTX_EXECUTION_DATE='2025-01-11T13:56:02.879668+00:00' AIRFLOW_CTX_TRY_NUMBER='1' AIRFLOW_CTX_DAG_RUN_ID='manual__2025-01-11T13:56:02.879668+00:00'
[2025-01-11T13:56:23.413+0000] {taskinstance.py:731} INFO - ::endgroup::
[2025-01-11T13:56:23.482+0000] {logging_mixin.py:190} INFO - Memproses 10 pesan. Contoh pesan: [20, 21, 22, 23, 24]...
[2025-01-11T13:56:23.484+0000] {logging_mixin.py:190} INFO - Processing code: 20
[2025-01-11T13:56:23.485+0000] {logging_mixin.py:190} INFO - Processing code: 21
[2025-01-11T13:56:23.490+0000] {logging_mixin.py:190} INFO - Processing code: 22
[2025-01-11T13:56:23.491+0000] {logging_mixin.py:190} INFO - Processing code: 23
[2025-01-11T13:56:23.492+0000] {logging_mixin.py:190} INFO - Processing code: 24
[2025-01-11T13:56:23.500+0000] {logging_mixin.py:190} INFO - Processing code: 25
[2025-01-11T13:56:23.502+0000] {logging_mixin.py:190} INFO - Processing code: 26
[2025-01-11T13:56:23.504+0000] {logging_mixin.py:190} INFO - Processing code: 27
[2025-01-11T13:56:23.507+0000] {logging_mixin.py:190} INFO - Processing code: 28
[2025-01-11T13:56:23.509+0000] {logging_mixin.py:190} INFO - Processing code: 29
[2025-01-11T13:56:23.510+0000] {python.py:240} INFO - Done. Returned value was: None
[2025-01-11T13:56:23.541+0000] {taskinstance.py:340} INFO - ::group::Post task execution logs
[2025-01-11T13:56:23.546+0000] {taskinstance.py:352} INFO - Marking task as SUCCESS. dag_id=dynamic_task_mapping_python_operator, task_id=process_chunk, run_id=manual__2025-01-11T13:56:02.879668+00:00, map_index=2, execution_date=20250111T135602, start_date=20250111T135621, end_date=20250111T135623
[2025-01-11T13:56:23.654+0000] {local_task_job_runner.py:266} INFO - Task exited with return code 0
[2025-01-11T13:56:23.761+0000] {taskinstance.py:3895} INFO - 0 downstream tasks scheduled from follow-on schedule check
[2025-01-11T13:56:23.766+0000] {local_task_job_runner.py:245} INFO - ::endgroup::
