[2025-01-11T13:56:22.515+0000] {local_task_job_runner.py:123} INFO - ::group::Pre task execution logs
[2025-01-11T13:56:22.681+0000] {taskinstance.py:2613} INFO - Dependencies all met for dep_context=non-requeueable deps ti=<TaskInstance: dynamic_task_mapping_python_operator.process_chunk manual__2025-01-11T13:56:02.879668+00:00 map_index=8 [queued]>
[2025-01-11T13:56:22.722+0000] {taskinstance.py:2613} INFO - Dependencies all met for dep_context=requeueable deps ti=<TaskInstance: dynamic_task_mapping_python_operator.process_chunk manual__2025-01-11T13:56:02.879668+00:00 map_index=8 [queued]>
[2025-01-11T13:56:22.723+0000] {taskinstance.py:2866} INFO - Starting attempt 1 of 1
[2025-01-11T13:56:22.805+0000] {taskinstance.py:2889} INFO - Executing <Mapped(PythonOperator): process_chunk> on 2025-01-11 13:56:02.879668+00:00
[2025-01-11T13:56:22.854+0000] {standard_task_runner.py:72} INFO - Started process 1890 to run task
[2025-01-11T13:56:22.895+0000] {standard_task_runner.py:104} INFO - Running: ['***', 'tasks', 'run', 'dynamic_task_mapping_python_operator', 'process_chunk', 'manual__2025-01-11T13:56:02.879668+00:00', '--job-id', '905', '--raw', '--subdir', 'DAGS_FOLDER/experiments/dynamic_task_mapping_sequentials.py', '--cfg-path', '/tmp/tmpai7_loul', '--map-index', '8']
[2025-01-11T13:56:22.904+0000] {standard_task_runner.py:105} INFO - Job 905: Subtask process_chunk
[2025-01-11T13:56:23.234+0000] {task_command.py:467} INFO - Running <TaskInstance: dynamic_task_mapping_python_operator.process_chunk manual__2025-01-11T13:56:02.879668+00:00 map_index=8 [running]> on host 02aab7e5da88
[2025-01-11T13:56:23.518+0000] {taskinstance.py:3132} INFO - Exporting env vars: AIRFLOW_CTX_DAG_OWNER='***' AIRFLOW_CTX_DAG_ID='dynamic_task_mapping_python_operator' AIRFLOW_CTX_TASK_ID='process_chunk' AIRFLOW_CTX_EXECUTION_DATE='2025-01-11T13:56:02.879668+00:00' AIRFLOW_CTX_TRY_NUMBER='1' AIRFLOW_CTX_DAG_RUN_ID='manual__2025-01-11T13:56:02.879668+00:00'
[2025-01-11T13:56:23.524+0000] {taskinstance.py:731} INFO - ::endgroup::
[2025-01-11T13:56:23.543+0000] {logging_mixin.py:190} INFO - Memproses 10 pesan. Contoh pesan: [80, 81, 82, 83, 84]...
[2025-01-11T13:56:23.545+0000] {logging_mixin.py:190} INFO - Processing code: 80
[2025-01-11T13:56:23.545+0000] {logging_mixin.py:190} INFO - Processing code: 81
[2025-01-11T13:56:23.546+0000] {logging_mixin.py:190} INFO - Processing code: 82
[2025-01-11T13:56:23.547+0000] {logging_mixin.py:190} INFO - Processing code: 83
[2025-01-11T13:56:23.547+0000] {logging_mixin.py:190} INFO - Processing code: 84
[2025-01-11T13:56:23.548+0000] {logging_mixin.py:190} INFO - Processing code: 85
[2025-01-11T13:56:23.552+0000] {logging_mixin.py:190} INFO - Processing code: 86
[2025-01-11T13:56:23.553+0000] {logging_mixin.py:190} INFO - Processing code: 87
[2025-01-11T13:56:23.554+0000] {logging_mixin.py:190} INFO - Processing code: 88
[2025-01-11T13:56:23.557+0000] {logging_mixin.py:190} INFO - Processing code: 89
[2025-01-11T13:56:23.559+0000] {python.py:240} INFO - Done. Returned value was: None
[2025-01-11T13:56:23.589+0000] {taskinstance.py:340} INFO - ::group::Post task execution logs
[2025-01-11T13:56:23.592+0000] {taskinstance.py:352} INFO - Marking task as SUCCESS. dag_id=dynamic_task_mapping_python_operator, task_id=process_chunk, run_id=manual__2025-01-11T13:56:02.879668+00:00, map_index=8, execution_date=20250111T135602, start_date=20250111T135622, end_date=20250111T135623
[2025-01-11T13:56:23.672+0000] {local_task_job_runner.py:266} INFO - Task exited with return code 0
[2025-01-11T13:56:23.751+0000] {local_task_job_runner.py:245} INFO - ::endgroup::
