[2025-01-11T13:57:18.561+0000] {local_task_job_runner.py:123} INFO - ::group::Pre task execution logs
[2025-01-11T13:57:18.759+0000] {taskinstance.py:2613} INFO - Dependencies all met for dep_context=non-requeueable deps ti=<TaskInstance: dynamic_task_mapping_python_operator.process_chunk manual__2025-01-11T13:57:13.578740+00:00 map_index=1 [queued]>
[2025-01-11T13:57:18.827+0000] {taskinstance.py:2613} INFO - Dependencies all met for dep_context=requeueable deps ti=<TaskInstance: dynamic_task_mapping_python_operator.process_chunk manual__2025-01-11T13:57:13.578740+00:00 map_index=1 [queued]>
[2025-01-11T13:57:18.833+0000] {taskinstance.py:2866} INFO - Starting attempt 1 of 1
[2025-01-11T13:57:18.905+0000] {taskinstance.py:2889} INFO - Executing <Mapped(PythonOperator): process_chunk> on 2025-01-11 13:57:13.578740+00:00
[2025-01-11T13:57:18.933+0000] {standard_task_runner.py:72} INFO - Started process 1916 to run task
[2025-01-11T13:57:18.959+0000] {standard_task_runner.py:104} INFO - Running: ['***', 'tasks', 'run', 'dynamic_task_mapping_python_operator', 'process_chunk', 'manual__2025-01-11T13:57:13.578740+00:00', '--job-id', '909', '--raw', '--subdir', 'DAGS_FOLDER/experiments/dynamic_task_mapping_sequentials.py', '--cfg-path', '/tmp/tmpkxrt65tj', '--map-index', '1']
[2025-01-11T13:57:18.978+0000] {standard_task_runner.py:105} INFO - Job 909: Subtask process_chunk
[2025-01-11T13:57:19.778+0000] {task_command.py:467} INFO - Running <TaskInstance: dynamic_task_mapping_python_operator.process_chunk manual__2025-01-11T13:57:13.578740+00:00 map_index=1 [running]> on host 02aab7e5da88
[2025-01-11T13:57:25.669+0000] {taskinstance.py:3132} INFO - Exporting env vars: AIRFLOW_CTX_DAG_OWNER='***' AIRFLOW_CTX_DAG_ID='dynamic_task_mapping_python_operator' AIRFLOW_CTX_TASK_ID='process_chunk' AIRFLOW_CTX_EXECUTION_DATE='2025-01-11T13:57:13.578740+00:00' AIRFLOW_CTX_TRY_NUMBER='1' AIRFLOW_CTX_DAG_RUN_ID='manual__2025-01-11T13:57:13.578740+00:00'
[2025-01-11T13:57:25.700+0000] {taskinstance.py:731} INFO - ::endgroup::
[2025-01-11T13:57:25.757+0000] {logging_mixin.py:190} INFO - Memproses 10 pesan. Contoh pesan: [10, 11, 12, 13, 14]...
[2025-01-11T13:57:25.762+0000] {logging_mixin.py:190} INFO - Processing code: 10
[2025-01-11T13:57:25.766+0000] {logging_mixin.py:190} INFO - Processing code: 11
[2025-01-11T13:57:25.766+0000] {logging_mixin.py:190} INFO - Processing code: 12
[2025-01-11T13:57:25.767+0000] {logging_mixin.py:190} INFO - Processing code: 13
[2025-01-11T13:57:25.768+0000] {logging_mixin.py:190} INFO - Processing code: 14
[2025-01-11T13:57:25.769+0000] {logging_mixin.py:190} INFO - Processing code: 15
[2025-01-11T13:57:25.771+0000] {logging_mixin.py:190} INFO - Processing code: 16
[2025-01-11T13:57:25.772+0000] {logging_mixin.py:190} INFO - Processing code: 17
[2025-01-11T13:57:25.773+0000] {logging_mixin.py:190} INFO - Processing code: 18
[2025-01-11T13:57:25.777+0000] {logging_mixin.py:190} INFO - Processing code: 19
[2025-01-11T13:57:25.779+0000] {python.py:240} INFO - Done. Returned value was: None
[2025-01-11T13:57:25.812+0000] {taskinstance.py:340} INFO - ::group::Post task execution logs
[2025-01-11T13:57:25.814+0000] {taskinstance.py:352} INFO - Marking task as SUCCESS. dag_id=dynamic_task_mapping_python_operator, task_id=process_chunk, run_id=manual__2025-01-11T13:57:13.578740+00:00, map_index=1, execution_date=20250111T135713, start_date=20250111T135718, end_date=20250111T135725
[2025-01-11T13:57:25.972+0000] {local_task_job_runner.py:266} INFO - Task exited with return code 0
[2025-01-11T13:57:26.072+0000] {local_task_job_runner.py:245} INFO - ::endgroup::
