[2025-01-11T13:57:18.846+0000] {local_task_job_runner.py:123} INFO - ::group::Pre task execution logs
[2025-01-11T13:57:18.991+0000] {taskinstance.py:2613} INFO - Dependencies all met for dep_context=non-requeueable deps ti=<TaskInstance: dynamic_task_mapping_python_operator.process_chunk manual__2025-01-11T13:57:13.578740+00:00 map_index=6 [queued]>
[2025-01-11T13:57:19.033+0000] {taskinstance.py:2613} INFO - Dependencies all met for dep_context=requeueable deps ti=<TaskInstance: dynamic_task_mapping_python_operator.process_chunk manual__2025-01-11T13:57:13.578740+00:00 map_index=6 [queued]>
[2025-01-11T13:57:19.047+0000] {taskinstance.py:2866} INFO - Starting attempt 1 of 1
[2025-01-11T13:57:19.128+0000] {taskinstance.py:2889} INFO - Executing <Mapped(PythonOperator): process_chunk> on 2025-01-11 13:57:13.578740+00:00
[2025-01-11T13:57:19.146+0000] {standard_task_runner.py:72} INFO - Started process 1926 to run task
[2025-01-11T13:57:19.192+0000] {standard_task_runner.py:104} INFO - Running: ['***', 'tasks', 'run', 'dynamic_task_mapping_python_operator', 'process_chunk', 'manual__2025-01-11T13:57:13.578740+00:00', '--job-id', '915', '--raw', '--subdir', 'DAGS_FOLDER/experiments/dynamic_task_mapping_sequentials.py', '--cfg-path', '/tmp/tmpes5bn0s3', '--map-index', '6']
[2025-01-11T13:57:19.212+0000] {standard_task_runner.py:105} INFO - Job 915: Subtask process_chunk
[2025-01-11T13:57:20.163+0000] {task_command.py:467} INFO - Running <TaskInstance: dynamic_task_mapping_python_operator.process_chunk manual__2025-01-11T13:57:13.578740+00:00 map_index=6 [running]> on host 02aab7e5da88
[2025-01-11T13:57:25.826+0000] {taskinstance.py:3132} INFO - Exporting env vars: AIRFLOW_CTX_DAG_OWNER='***' AIRFLOW_CTX_DAG_ID='dynamic_task_mapping_python_operator' AIRFLOW_CTX_TASK_ID='process_chunk' AIRFLOW_CTX_EXECUTION_DATE='2025-01-11T13:57:13.578740+00:00' AIRFLOW_CTX_TRY_NUMBER='1' AIRFLOW_CTX_DAG_RUN_ID='manual__2025-01-11T13:57:13.578740+00:00'
[2025-01-11T13:57:25.830+0000] {taskinstance.py:731} INFO - ::endgroup::
[2025-01-11T13:57:26.022+0000] {logging_mixin.py:190} INFO - Memproses 10 pesan. Contoh pesan: [60, 61, 62, 63, 64]...
[2025-01-11T13:57:26.026+0000] {logging_mixin.py:190} INFO - Processing code: 60
[2025-01-11T13:57:26.029+0000] {logging_mixin.py:190} INFO - Processing code: 61
[2025-01-11T13:57:26.030+0000] {logging_mixin.py:190} INFO - Processing code: 62
[2025-01-11T13:57:26.032+0000] {logging_mixin.py:190} INFO - Processing code: 63
[2025-01-11T13:57:26.034+0000] {logging_mixin.py:190} INFO - Processing code: 64
[2025-01-11T13:57:26.038+0000] {logging_mixin.py:190} INFO - Processing code: 65
[2025-01-11T13:57:26.043+0000] {logging_mixin.py:190} INFO - Processing code: 66
[2025-01-11T13:57:26.045+0000] {logging_mixin.py:190} INFO - Processing code: 67
[2025-01-11T13:57:26.050+0000] {logging_mixin.py:190} INFO - Processing code: 68
[2025-01-11T13:57:26.051+0000] {logging_mixin.py:190} INFO - Processing code: 69
[2025-01-11T13:57:26.052+0000] {python.py:240} INFO - Done. Returned value was: None
[2025-01-11T13:57:26.253+0000] {taskinstance.py:340} INFO - ::group::Post task execution logs
[2025-01-11T13:57:26.258+0000] {taskinstance.py:352} INFO - Marking task as SUCCESS. dag_id=dynamic_task_mapping_python_operator, task_id=process_chunk, run_id=manual__2025-01-11T13:57:13.578740+00:00, map_index=6, execution_date=20250111T135713, start_date=20250111T135718, end_date=20250111T135726
[2025-01-11T13:57:26.341+0000] {local_task_job_runner.py:266} INFO - Task exited with return code 0
[2025-01-11T13:57:26.401+0000] {local_task_job_runner.py:245} INFO - ::endgroup::
