[2025-01-11T13:54:57.357+0000] {local_task_job_runner.py:123} INFO - ::group::Pre task execution logs
[2025-01-11T13:54:57.441+0000] {taskinstance.py:2613} INFO - Dependencies all met for dep_context=non-requeueable deps ti=<TaskInstance: dynamic_task_mapping_python_operator.process_chunk manual__2025-01-11T13:54:51.751992+00:00 map_index=7 [queued]>
[2025-01-11T13:54:57.499+0000] {taskinstance.py:2613} INFO - Dependencies all met for dep_context=requeueable deps ti=<TaskInstance: dynamic_task_mapping_python_operator.process_chunk manual__2025-01-11T13:54:51.751992+00:00 map_index=7 [queued]>
[2025-01-11T13:54:57.505+0000] {taskinstance.py:2866} INFO - Starting attempt 1 of 1
[2025-01-11T13:54:57.564+0000] {taskinstance.py:2889} INFO - Executing <Mapped(PythonOperator): process_chunk> on 2025-01-11 13:54:51.751992+00:00
[2025-01-11T13:54:57.577+0000] {standard_task_runner.py:72} INFO - Started process 1826 to run task
[2025-01-11T13:54:57.615+0000] {standard_task_runner.py:104} INFO - Running: ['***', 'tasks', 'run', 'dynamic_task_mapping_python_operator', 'process_chunk', 'manual__2025-01-11T13:54:51.751992+00:00', '--job-id', '891', '--raw', '--subdir', 'DAGS_FOLDER/experiments/dynamic_task_mapping_sequentials.py', '--cfg-path', '/tmp/tmpn1ju8mi1', '--map-index', '7']
[2025-01-11T13:54:57.638+0000] {standard_task_runner.py:105} INFO - Job 891: Subtask process_chunk
[2025-01-11T13:54:57.862+0000] {task_command.py:467} INFO - Running <TaskInstance: dynamic_task_mapping_python_operator.process_chunk manual__2025-01-11T13:54:51.751992+00:00 map_index=7 [running]> on host 02aab7e5da88
[2025-01-11T13:54:58.100+0000] {taskinstance.py:3132} INFO - Exporting env vars: AIRFLOW_CTX_DAG_OWNER='***' AIRFLOW_CTX_DAG_ID='dynamic_task_mapping_python_operator' AIRFLOW_CTX_TASK_ID='process_chunk' AIRFLOW_CTX_EXECUTION_DATE='2025-01-11T13:54:51.751992+00:00' AIRFLOW_CTX_TRY_NUMBER='1' AIRFLOW_CTX_DAG_RUN_ID='manual__2025-01-11T13:54:51.751992+00:00'
[2025-01-11T13:54:58.104+0000] {taskinstance.py:731} INFO - ::endgroup::
[2025-01-11T13:54:58.123+0000] {logging_mixin.py:190} INFO - Memproses 5 pesan. Contoh pesan: chunk...
[2025-01-11T13:54:58.126+0000] {logging_mixin.py:190} INFO - Processing code: c
[2025-01-11T13:54:58.127+0000] {logging_mixin.py:190} INFO - Processing code: h
[2025-01-11T13:54:58.128+0000] {logging_mixin.py:190} INFO - Processing code: u
[2025-01-11T13:54:58.128+0000] {logging_mixin.py:190} INFO - Processing code: n
[2025-01-11T13:54:58.129+0000] {logging_mixin.py:190} INFO - Processing code: k
[2025-01-11T13:54:58.130+0000] {python.py:240} INFO - Done. Returned value was: None
[2025-01-11T13:54:58.162+0000] {taskinstance.py:340} INFO - ::group::Post task execution logs
[2025-01-11T13:54:58.164+0000] {taskinstance.py:352} INFO - Marking task as SUCCESS. dag_id=dynamic_task_mapping_python_operator, task_id=process_chunk, run_id=manual__2025-01-11T13:54:51.751992+00:00, map_index=7, execution_date=20250111T135451, start_date=20250111T135457, end_date=20250111T135458
[2025-01-11T13:54:58.238+0000] {local_task_job_runner.py:266} INFO - Task exited with return code 0
[2025-01-11T13:54:58.303+0000] {taskinstance.py:3895} INFO - 0 downstream tasks scheduled from follow-on schedule check
[2025-01-11T13:54:58.304+0000] {local_task_job_runner.py:245} INFO - ::endgroup::
