[2025-01-11T13:57:18.991+0000] {local_task_job_runner.py:123} INFO - ::group::Pre task execution logs
[2025-01-11T13:57:19.051+0000] {taskinstance.py:2613} INFO - Dependencies all met for dep_context=non-requeueable deps ti=<TaskInstance: dynamic_task_mapping_python_operator.process_chunk manual__2025-01-11T13:57:13.578740+00:00 map_index=5 [queued]>
[2025-01-11T13:57:19.080+0000] {taskinstance.py:2613} INFO - Dependencies all met for dep_context=requeueable deps ti=<TaskInstance: dynamic_task_mapping_python_operator.process_chunk manual__2025-01-11T13:57:13.578740+00:00 map_index=5 [queued]>
[2025-01-11T13:57:19.085+0000] {taskinstance.py:2866} INFO - Starting attempt 1 of 1
[2025-01-11T13:57:19.165+0000] {taskinstance.py:2889} INFO - Executing <Mapped(PythonOperator): process_chunk> on 2025-01-11 13:57:13.578740+00:00
[2025-01-11T13:57:19.206+0000] {standard_task_runner.py:72} INFO - Started process 1929 to run task
[2025-01-11T13:57:19.236+0000] {standard_task_runner.py:104} INFO - Running: ['***', 'tasks', 'run', 'dynamic_task_mapping_python_operator', 'process_chunk', 'manual__2025-01-11T13:57:13.578740+00:00', '--job-id', '916', '--raw', '--subdir', 'DAGS_FOLDER/experiments/dynamic_task_mapping_sequentials.py', '--cfg-path', '/tmp/tmpcy7bwzr0', '--map-index', '5']
[2025-01-11T13:57:19.243+0000] {standard_task_runner.py:105} INFO - Job 916: Subtask process_chunk
[2025-01-11T13:57:20.162+0000] {task_command.py:467} INFO - Running <TaskInstance: dynamic_task_mapping_python_operator.process_chunk manual__2025-01-11T13:57:13.578740+00:00 map_index=5 [running]> on host 02aab7e5da88
[2025-01-11T13:57:25.836+0000] {taskinstance.py:3132} INFO - Exporting env vars: AIRFLOW_CTX_DAG_OWNER='***' AIRFLOW_CTX_DAG_ID='dynamic_task_mapping_python_operator' AIRFLOW_CTX_TASK_ID='process_chunk' AIRFLOW_CTX_EXECUTION_DATE='2025-01-11T13:57:13.578740+00:00' AIRFLOW_CTX_TRY_NUMBER='1' AIRFLOW_CTX_DAG_RUN_ID='manual__2025-01-11T13:57:13.578740+00:00'
[2025-01-11T13:57:25.846+0000] {taskinstance.py:731} INFO - ::endgroup::
[2025-01-11T13:57:26.029+0000] {logging_mixin.py:190} INFO - Memproses 10 pesan. Contoh pesan: [50, 51, 52, 53, 54]...
[2025-01-11T13:57:26.031+0000] {logging_mixin.py:190} INFO - Processing code: 50
[2025-01-11T13:57:26.031+0000] {logging_mixin.py:190} INFO - Processing code: 51
[2025-01-11T13:57:26.032+0000] {logging_mixin.py:190} INFO - Processing code: 52
[2025-01-11T13:57:26.033+0000] {logging_mixin.py:190} INFO - Processing code: 53
[2025-01-11T13:57:26.034+0000] {logging_mixin.py:190} INFO - Processing code: 54
[2025-01-11T13:57:26.035+0000] {logging_mixin.py:190} INFO - Processing code: 55
[2025-01-11T13:57:26.038+0000] {logging_mixin.py:190} INFO - Processing code: 56
[2025-01-11T13:57:26.040+0000] {logging_mixin.py:190} INFO - Processing code: 57
[2025-01-11T13:57:26.042+0000] {logging_mixin.py:190} INFO - Processing code: 58
[2025-01-11T13:57:26.043+0000] {logging_mixin.py:190} INFO - Processing code: 59
[2025-01-11T13:57:26.044+0000] {python.py:240} INFO - Done. Returned value was: None
[2025-01-11T13:57:26.089+0000] {taskinstance.py:340} INFO - ::group::Post task execution logs
[2025-01-11T13:57:26.135+0000] {taskinstance.py:352} INFO - Marking task as SUCCESS. dag_id=dynamic_task_mapping_python_operator, task_id=process_chunk, run_id=manual__2025-01-11T13:57:13.578740+00:00, map_index=5, execution_date=20250111T135713, start_date=20250111T135719, end_date=20250111T135726
[2025-01-11T13:57:26.347+0000] {local_task_job_runner.py:266} INFO - Task exited with return code 0
[2025-01-11T13:57:26.414+0000] {local_task_job_runner.py:245} INFO - ::endgroup::
