[2025-01-11T13:57:18.745+0000] {local_task_job_runner.py:123} INFO - ::group::Pre task execution logs
[2025-01-11T13:57:18.829+0000] {taskinstance.py:2613} INFO - Dependencies all met for dep_context=non-requeueable deps ti=<TaskInstance: dynamic_task_mapping_python_operator.process_chunk manual__2025-01-11T13:57:13.578740+00:00 map_index=3 [queued]>
[2025-01-11T13:57:18.857+0000] {taskinstance.py:2613} INFO - Dependencies all met for dep_context=requeueable deps ti=<TaskInstance: dynamic_task_mapping_python_operator.process_chunk manual__2025-01-11T13:57:13.578740+00:00 map_index=3 [queued]>
[2025-01-11T13:57:18.864+0000] {taskinstance.py:2866} INFO - Starting attempt 1 of 1
[2025-01-11T13:57:18.943+0000] {taskinstance.py:2889} INFO - Executing <Mapped(PythonOperator): process_chunk> on 2025-01-11 13:57:13.578740+00:00
[2025-01-11T13:57:18.975+0000] {standard_task_runner.py:72} INFO - Started process 1920 to run task
[2025-01-11T13:57:18.989+0000] {standard_task_runner.py:104} INFO - Running: ['***', 'tasks', 'run', 'dynamic_task_mapping_python_operator', 'process_chunk', 'manual__2025-01-11T13:57:13.578740+00:00', '--job-id', '912', '--raw', '--subdir', 'DAGS_FOLDER/experiments/dynamic_task_mapping_sequentials.py', '--cfg-path', '/tmp/tmp5v2owb6x', '--map-index', '3']
[2025-01-11T13:57:18.992+0000] {standard_task_runner.py:105} INFO - Job 912: Subtask process_chunk
[2025-01-11T13:57:19.291+0000] {task_command.py:467} INFO - Running <TaskInstance: dynamic_task_mapping_python_operator.process_chunk manual__2025-01-11T13:57:13.578740+00:00 map_index=3 [running]> on host 02aab7e5da88
[2025-01-11T13:57:24.286+0000] {taskinstance.py:3132} INFO - Exporting env vars: AIRFLOW_CTX_DAG_OWNER='***' AIRFLOW_CTX_DAG_ID='dynamic_task_mapping_python_operator' AIRFLOW_CTX_TASK_ID='process_chunk' AIRFLOW_CTX_EXECUTION_DATE='2025-01-11T13:57:13.578740+00:00' AIRFLOW_CTX_TRY_NUMBER='1' AIRFLOW_CTX_DAG_RUN_ID='manual__2025-01-11T13:57:13.578740+00:00'
[2025-01-11T13:57:24.599+0000] {taskinstance.py:731} INFO - ::endgroup::
[2025-01-11T13:57:25.095+0000] {logging_mixin.py:190} INFO - Memproses 10 pesan. Contoh pesan: [30, 31, 32, 33, 34]...
[2025-01-11T13:57:25.146+0000] {logging_mixin.py:190} INFO - Processing code: 30
[2025-01-11T13:57:25.165+0000] {logging_mixin.py:190} INFO - Processing code: 31
[2025-01-11T13:57:25.171+0000] {logging_mixin.py:190} INFO - Processing code: 32
[2025-01-11T13:57:25.178+0000] {logging_mixin.py:190} INFO - Processing code: 33
[2025-01-11T13:57:25.185+0000] {logging_mixin.py:190} INFO - Processing code: 34
[2025-01-11T13:57:25.189+0000] {logging_mixin.py:190} INFO - Processing code: 35
[2025-01-11T13:57:25.192+0000] {logging_mixin.py:190} INFO - Processing code: 36
[2025-01-11T13:57:25.194+0000] {logging_mixin.py:190} INFO - Processing code: 37
[2025-01-11T13:57:25.199+0000] {logging_mixin.py:190} INFO - Processing code: 38
[2025-01-11T13:57:25.200+0000] {logging_mixin.py:190} INFO - Processing code: 39
[2025-01-11T13:57:25.202+0000] {python.py:240} INFO - Done. Returned value was: None
[2025-01-11T13:57:25.421+0000] {taskinstance.py:340} INFO - ::group::Post task execution logs
[2025-01-11T13:57:25.427+0000] {taskinstance.py:352} INFO - Marking task as SUCCESS. dag_id=dynamic_task_mapping_python_operator, task_id=process_chunk, run_id=manual__2025-01-11T13:57:13.578740+00:00, map_index=3, execution_date=20250111T135713, start_date=20250111T135718, end_date=20250111T135725
[2025-01-11T13:57:25.551+0000] {local_task_job_runner.py:266} INFO - Task exited with return code 0
[2025-01-11T13:57:25.629+0000] {local_task_job_runner.py:245} INFO - ::endgroup::
