[2025-01-11T13:57:18.341+0000] {local_task_job_runner.py:123} INFO - ::group::Pre task execution logs
[2025-01-11T13:57:18.513+0000] {taskinstance.py:2613} INFO - Dependencies all met for dep_context=non-requeueable deps ti=<TaskInstance: dynamic_task_mapping_python_operator.process_chunk manual__2025-01-11T13:57:13.578740+00:00 map_index=0 [queued]>
[2025-01-11T13:57:18.612+0000] {taskinstance.py:2613} INFO - Dependencies all met for dep_context=requeueable deps ti=<TaskInstance: dynamic_task_mapping_python_operator.process_chunk manual__2025-01-11T13:57:13.578740+00:00 map_index=0 [queued]>
[2025-01-11T13:57:18.619+0000] {taskinstance.py:2866} INFO - Starting attempt 1 of 1
[2025-01-11T13:57:18.737+0000] {taskinstance.py:2889} INFO - Executing <Mapped(PythonOperator): process_chunk> on 2025-01-11 13:57:13.578740+00:00
[2025-01-11T13:57:18.772+0000] {standard_task_runner.py:72} INFO - Started process 1914 to run task
[2025-01-11T13:57:18.844+0000] {standard_task_runner.py:104} INFO - Running: ['***', 'tasks', 'run', 'dynamic_task_mapping_python_operator', 'process_chunk', 'manual__2025-01-11T13:57:13.578740+00:00', '--job-id', '908', '--raw', '--subdir', 'DAGS_FOLDER/experiments/dynamic_task_mapping_sequentials.py', '--cfg-path', '/tmp/tmpkoat1g_v', '--map-index', '0']
[2025-01-11T13:57:18.854+0000] {standard_task_runner.py:105} INFO - Job 908: Subtask process_chunk
[2025-01-11T13:57:19.147+0000] {task_command.py:467} INFO - Running <TaskInstance: dynamic_task_mapping_python_operator.process_chunk manual__2025-01-11T13:57:13.578740+00:00 map_index=0 [running]> on host 02aab7e5da88
[2025-01-11T13:57:24.173+0000] {taskinstance.py:3132} INFO - Exporting env vars: AIRFLOW_CTX_DAG_OWNER='***' AIRFLOW_CTX_DAG_ID='dynamic_task_mapping_python_operator' AIRFLOW_CTX_TASK_ID='process_chunk' AIRFLOW_CTX_EXECUTION_DATE='2025-01-11T13:57:13.578740+00:00' AIRFLOW_CTX_TRY_NUMBER='1' AIRFLOW_CTX_DAG_RUN_ID='manual__2025-01-11T13:57:13.578740+00:00'
[2025-01-11T13:57:24.251+0000] {taskinstance.py:731} INFO - ::endgroup::
[2025-01-11T13:57:24.835+0000] {logging_mixin.py:190} INFO - Memproses 10 pesan. Contoh pesan: [0, 1, 2, 3, 4]...
[2025-01-11T13:57:24.844+0000] {logging_mixin.py:190} INFO - Processing code: 0
[2025-01-11T13:57:24.845+0000] {logging_mixin.py:190} INFO - Processing code: 1
[2025-01-11T13:57:24.846+0000] {logging_mixin.py:190} INFO - Processing code: 2
[2025-01-11T13:57:24.851+0000] {logging_mixin.py:190} INFO - Processing code: 3
[2025-01-11T13:57:24.853+0000] {logging_mixin.py:190} INFO - Processing code: 4
[2025-01-11T13:57:24.855+0000] {logging_mixin.py:190} INFO - Processing code: 5
[2025-01-11T13:57:24.859+0000] {logging_mixin.py:190} INFO - Processing code: 6
[2025-01-11T13:57:24.864+0000] {logging_mixin.py:190} INFO - Processing code: 7
[2025-01-11T13:57:24.865+0000] {logging_mixin.py:190} INFO - Processing code: 8
[2025-01-11T13:57:24.866+0000] {logging_mixin.py:190} INFO - Processing code: 9
[2025-01-11T13:57:24.871+0000] {python.py:240} INFO - Done. Returned value was: None
[2025-01-11T13:57:25.102+0000] {taskinstance.py:340} INFO - ::group::Post task execution logs
[2025-01-11T13:57:25.123+0000] {taskinstance.py:352} INFO - Marking task as SUCCESS. dag_id=dynamic_task_mapping_python_operator, task_id=process_chunk, run_id=manual__2025-01-11T13:57:13.578740+00:00, map_index=0, execution_date=20250111T135713, start_date=20250111T135718, end_date=20250111T135725
[2025-01-11T13:57:25.379+0000] {local_task_job_runner.py:266} INFO - Task exited with return code 0
[2025-01-11T13:57:25.496+0000] {local_task_job_runner.py:245} INFO - ::endgroup::
