[2025-01-11T13:57:18.842+0000] {local_task_job_runner.py:123} INFO - ::group::Pre task execution logs
[2025-01-11T13:57:18.909+0000] {taskinstance.py:2613} INFO - Dependencies all met for dep_context=non-requeueable deps ti=<TaskInstance: dynamic_task_mapping_python_operator.process_chunk manual__2025-01-11T13:57:13.578740+00:00 map_index=7 [queued]>
[2025-01-11T13:57:18.971+0000] {taskinstance.py:2613} INFO - Dependencies all met for dep_context=requeueable deps ti=<TaskInstance: dynamic_task_mapping_python_operator.process_chunk manual__2025-01-11T13:57:13.578740+00:00 map_index=7 [queued]>
[2025-01-11T13:57:18.974+0000] {taskinstance.py:2866} INFO - Starting attempt 1 of 1
[2025-01-11T13:57:19.055+0000] {taskinstance.py:2889} INFO - Executing <Mapped(PythonOperator): process_chunk> on 2025-01-11 13:57:13.578740+00:00
[2025-01-11T13:57:19.100+0000] {standard_task_runner.py:72} INFO - Started process 1924 to run task
[2025-01-11T13:57:19.109+0000] {standard_task_runner.py:104} INFO - Running: ['***', 'tasks', 'run', 'dynamic_task_mapping_python_operator', 'process_chunk', 'manual__2025-01-11T13:57:13.578740+00:00', '--job-id', '914', '--raw', '--subdir', 'DAGS_FOLDER/experiments/dynamic_task_mapping_sequentials.py', '--cfg-path', '/tmp/tmp_gf2klgk', '--map-index', '7']
[2025-01-11T13:57:19.119+0000] {standard_task_runner.py:105} INFO - Job 914: Subtask process_chunk
[2025-01-11T13:57:19.898+0000] {task_command.py:467} INFO - Running <TaskInstance: dynamic_task_mapping_python_operator.process_chunk manual__2025-01-11T13:57:13.578740+00:00 map_index=7 [running]> on host 02aab7e5da88
[2025-01-11T13:57:25.661+0000] {taskinstance.py:3132} INFO - Exporting env vars: AIRFLOW_CTX_DAG_OWNER='***' AIRFLOW_CTX_DAG_ID='dynamic_task_mapping_python_operator' AIRFLOW_CTX_TASK_ID='process_chunk' AIRFLOW_CTX_EXECUTION_DATE='2025-01-11T13:57:13.578740+00:00' AIRFLOW_CTX_TRY_NUMBER='1' AIRFLOW_CTX_DAG_RUN_ID='manual__2025-01-11T13:57:13.578740+00:00'
[2025-01-11T13:57:25.671+0000] {taskinstance.py:731} INFO - ::endgroup::
[2025-01-11T13:57:25.726+0000] {logging_mixin.py:190} INFO - Memproses 10 pesan. Contoh pesan: [70, 71, 72, 73, 74]...
[2025-01-11T13:57:25.727+0000] {logging_mixin.py:190} INFO - Processing code: 70
[2025-01-11T13:57:25.727+0000] {logging_mixin.py:190} INFO - Processing code: 71
[2025-01-11T13:57:25.728+0000] {logging_mixin.py:190} INFO - Processing code: 72
[2025-01-11T13:57:25.736+0000] {logging_mixin.py:190} INFO - Processing code: 73
[2025-01-11T13:57:25.737+0000] {logging_mixin.py:190} INFO - Processing code: 74
[2025-01-11T13:57:25.739+0000] {logging_mixin.py:190} INFO - Processing code: 75
[2025-01-11T13:57:25.741+0000] {logging_mixin.py:190} INFO - Processing code: 76
[2025-01-11T13:57:25.742+0000] {logging_mixin.py:190} INFO - Processing code: 77
[2025-01-11T13:57:25.744+0000] {logging_mixin.py:190} INFO - Processing code: 78
[2025-01-11T13:57:25.745+0000] {logging_mixin.py:190} INFO - Processing code: 79
[2025-01-11T13:57:25.746+0000] {python.py:240} INFO - Done. Returned value was: None
[2025-01-11T13:57:25.785+0000] {taskinstance.py:340} INFO - ::group::Post task execution logs
[2025-01-11T13:57:25.789+0000] {taskinstance.py:352} INFO - Marking task as SUCCESS. dag_id=dynamic_task_mapping_python_operator, task_id=process_chunk, run_id=manual__2025-01-11T13:57:13.578740+00:00, map_index=7, execution_date=20250111T135713, start_date=20250111T135718, end_date=20250111T135725
[2025-01-11T13:57:25.971+0000] {local_task_job_runner.py:266} INFO - Task exited with return code 0
[2025-01-11T13:57:26.072+0000] {local_task_job_runner.py:245} INFO - ::endgroup::
