[2025-01-11T13:56:23.352+0000] {local_task_job_runner.py:123} INFO - ::group::Pre task execution logs
[2025-01-11T13:56:23.421+0000] {taskinstance.py:2613} INFO - Dependencies all met for dep_context=non-requeueable deps ti=<TaskInstance: dynamic_task_mapping_python_operator.process_chunk manual__2025-01-11T13:56:02.879668+00:00 map_index=6 [queued]>
[2025-01-11T13:56:23.484+0000] {taskinstance.py:2613} INFO - Dependencies all met for dep_context=requeueable deps ti=<TaskInstance: dynamic_task_mapping_python_operator.process_chunk manual__2025-01-11T13:56:02.879668+00:00 map_index=6 [queued]>
[2025-01-11T13:56:23.490+0000] {taskinstance.py:2866} INFO - Starting attempt 1 of 1
[2025-01-11T13:56:23.536+0000] {taskinstance.py:2889} INFO - Executing <Mapped(PythonOperator): process_chunk> on 2025-01-11 13:56:02.879668+00:00
[2025-01-11T13:56:23.545+0000] {standard_task_runner.py:72} INFO - Started process 1892 to run task
[2025-01-11T13:56:23.562+0000] {standard_task_runner.py:104} INFO - Running: ['***', 'tasks', 'run', 'dynamic_task_mapping_python_operator', 'process_chunk', 'manual__2025-01-11T13:56:02.879668+00:00', '--job-id', '906', '--raw', '--subdir', 'DAGS_FOLDER/experiments/dynamic_task_mapping_sequentials.py', '--cfg-path', '/tmp/tmpsysrebba', '--map-index', '6']
[2025-01-11T13:56:23.575+0000] {standard_task_runner.py:105} INFO - Job 906: Subtask process_chunk
[2025-01-11T13:56:23.753+0000] {task_command.py:467} INFO - Running <TaskInstance: dynamic_task_mapping_python_operator.process_chunk manual__2025-01-11T13:56:02.879668+00:00 map_index=6 [running]> on host 02aab7e5da88
[2025-01-11T13:56:23.887+0000] {taskinstance.py:3132} INFO - Exporting env vars: AIRFLOW_CTX_DAG_OWNER='***' AIRFLOW_CTX_DAG_ID='dynamic_task_mapping_python_operator' AIRFLOW_CTX_TASK_ID='process_chunk' AIRFLOW_CTX_EXECUTION_DATE='2025-01-11T13:56:02.879668+00:00' AIRFLOW_CTX_TRY_NUMBER='1' AIRFLOW_CTX_DAG_RUN_ID='manual__2025-01-11T13:56:02.879668+00:00'
[2025-01-11T13:56:23.890+0000] {taskinstance.py:731} INFO - ::endgroup::
[2025-01-11T13:56:23.901+0000] {logging_mixin.py:190} INFO - Memproses 10 pesan. Contoh pesan: [60, 61, 62, 63, 64]...
[2025-01-11T13:56:23.902+0000] {logging_mixin.py:190} INFO - Processing code: 60
[2025-01-11T13:56:23.902+0000] {logging_mixin.py:190} INFO - Processing code: 61
[2025-01-11T13:56:23.902+0000] {logging_mixin.py:190} INFO - Processing code: 62
[2025-01-11T13:56:23.902+0000] {logging_mixin.py:190} INFO - Processing code: 63
[2025-01-11T13:56:23.903+0000] {logging_mixin.py:190} INFO - Processing code: 64
[2025-01-11T13:56:23.903+0000] {logging_mixin.py:190} INFO - Processing code: 65
[2025-01-11T13:56:23.903+0000] {logging_mixin.py:190} INFO - Processing code: 66
[2025-01-11T13:56:23.903+0000] {logging_mixin.py:190} INFO - Processing code: 67
[2025-01-11T13:56:23.903+0000] {logging_mixin.py:190} INFO - Processing code: 68
[2025-01-11T13:56:23.903+0000] {logging_mixin.py:190} INFO - Processing code: 69
[2025-01-11T13:56:23.903+0000] {python.py:240} INFO - Done. Returned value was: None
[2025-01-11T13:56:23.914+0000] {taskinstance.py:340} INFO - ::group::Post task execution logs
[2025-01-11T13:56:23.915+0000] {taskinstance.py:352} INFO - Marking task as SUCCESS. dag_id=dynamic_task_mapping_python_operator, task_id=process_chunk, run_id=manual__2025-01-11T13:56:02.879668+00:00, map_index=6, execution_date=20250111T135602, start_date=20250111T135623, end_date=20250111T135623
[2025-01-11T13:56:23.946+0000] {local_task_job_runner.py:266} INFO - Task exited with return code 0
[2025-01-11T13:56:23.974+0000] {taskinstance.py:3895} INFO - 0 downstream tasks scheduled from follow-on schedule check
[2025-01-11T13:56:23.975+0000] {local_task_job_runner.py:245} INFO - ::endgroup::
