[2025-01-11T13:56:08.289+0000] {local_task_job_runner.py:123} INFO - ::group::Pre task execution logs
[2025-01-11T13:56:08.352+0000] {taskinstance.py:2613} INFO - Dependencies all met for dep_context=non-requeueable deps ti=<TaskInstance: dynamic_task_mapping_python_operator.process_chunk manual__2025-01-11T13:56:02.879668+00:00 map_index=3 [queued]>
[2025-01-11T13:56:08.389+0000] {taskinstance.py:2613} INFO - Dependencies all met for dep_context=requeueable deps ti=<TaskInstance: dynamic_task_mapping_python_operator.process_chunk manual__2025-01-11T13:56:02.879668+00:00 map_index=3 [queued]>
[2025-01-11T13:56:08.391+0000] {taskinstance.py:2866} INFO - Starting attempt 1 of 1
[2025-01-11T13:56:08.447+0000] {taskinstance.py:2889} INFO - Executing <Mapped(PythonOperator): process_chunk> on 2025-01-11 13:56:02.879668+00:00
[2025-01-11T13:56:08.473+0000] {standard_task_runner.py:72} INFO - Started process 1871 to run task
[2025-01-11T13:56:08.495+0000] {standard_task_runner.py:104} INFO - Running: ['***', 'tasks', 'run', 'dynamic_task_mapping_python_operator', 'process_chunk', 'manual__2025-01-11T13:56:02.879668+00:00', '--job-id', '899', '--raw', '--subdir', 'DAGS_FOLDER/experiments/dynamic_task_mapping_sequentials.py', '--cfg-path', '/tmp/tmpen1lj1ls', '--map-index', '3']
[2025-01-11T13:56:08.503+0000] {standard_task_runner.py:105} INFO - Job 899: Subtask process_chunk
[2025-01-11T13:56:09.348+0000] {task_command.py:467} INFO - Running <TaskInstance: dynamic_task_mapping_python_operator.process_chunk manual__2025-01-11T13:56:02.879668+00:00 map_index=3 [running]> on host 02aab7e5da88
[2025-01-11T13:56:20.058+0000] {job.py:229} INFO - Heartbeat recovered after 12.00 seconds
[2025-01-11T13:56:21.476+0000] {taskinstance.py:3132} INFO - Exporting env vars: AIRFLOW_CTX_DAG_OWNER='***' AIRFLOW_CTX_DAG_ID='dynamic_task_mapping_python_operator' AIRFLOW_CTX_TASK_ID='process_chunk' AIRFLOW_CTX_EXECUTION_DATE='2025-01-11T13:56:02.879668+00:00' AIRFLOW_CTX_TRY_NUMBER='1' AIRFLOW_CTX_DAG_RUN_ID='manual__2025-01-11T13:56:02.879668+00:00'
[2025-01-11T13:56:21.519+0000] {taskinstance.py:731} INFO - ::endgroup::
[2025-01-11T13:56:21.760+0000] {logging_mixin.py:190} INFO - Memproses 10 pesan. Contoh pesan: [30, 31, 32, 33, 34]...
[2025-01-11T13:56:21.761+0000] {logging_mixin.py:190} INFO - Processing code: 30
[2025-01-11T13:56:21.762+0000] {logging_mixin.py:190} INFO - Processing code: 31
[2025-01-11T13:56:21.765+0000] {logging_mixin.py:190} INFO - Processing code: 32
[2025-01-11T13:56:21.767+0000] {logging_mixin.py:190} INFO - Processing code: 33
[2025-01-11T13:56:21.769+0000] {logging_mixin.py:190} INFO - Processing code: 34
[2025-01-11T13:56:21.771+0000] {logging_mixin.py:190} INFO - Processing code: 35
[2025-01-11T13:56:21.773+0000] {logging_mixin.py:190} INFO - Processing code: 36
[2025-01-11T13:56:21.777+0000] {logging_mixin.py:190} INFO - Processing code: 37
[2025-01-11T13:56:21.779+0000] {logging_mixin.py:190} INFO - Processing code: 38
[2025-01-11T13:56:21.780+0000] {logging_mixin.py:190} INFO - Processing code: 39
[2025-01-11T13:56:21.781+0000] {python.py:240} INFO - Done. Returned value was: None
[2025-01-11T13:56:21.864+0000] {taskinstance.py:340} INFO - ::group::Post task execution logs
[2025-01-11T13:56:21.868+0000] {taskinstance.py:352} INFO - Marking task as SUCCESS. dag_id=dynamic_task_mapping_python_operator, task_id=process_chunk, run_id=manual__2025-01-11T13:56:02.879668+00:00, map_index=3, execution_date=20250111T135602, start_date=20250111T135608, end_date=20250111T135621
[2025-01-11T13:56:21.970+0000] {local_task_job_runner.py:266} INFO - Task exited with return code 0
[2025-01-11T13:56:22.301+0000] {taskinstance.py:3895} INFO - 0 downstream tasks scheduled from follow-on schedule check
[2025-01-11T13:56:22.346+0000] {local_task_job_runner.py:245} INFO - ::endgroup::
