[2025-01-11T13:57:18.690+0000] {local_task_job_runner.py:123} INFO - ::group::Pre task execution logs
[2025-01-11T13:57:18.885+0000] {taskinstance.py:2613} INFO - Dependencies all met for dep_context=non-requeueable deps ti=<TaskInstance: dynamic_task_mapping_python_operator.process_chunk manual__2025-01-11T13:57:13.578740+00:00 map_index=4 [queued]>
[2025-01-11T13:57:18.940+0000] {taskinstance.py:2613} INFO - Dependencies all met for dep_context=requeueable deps ti=<TaskInstance: dynamic_task_mapping_python_operator.process_chunk manual__2025-01-11T13:57:13.578740+00:00 map_index=4 [queued]>
[2025-01-11T13:57:18.946+0000] {taskinstance.py:2866} INFO - Starting attempt 1 of 1
[2025-01-11T13:57:19.138+0000] {taskinstance.py:2889} INFO - Executing <Mapped(PythonOperator): process_chunk> on 2025-01-11 13:57:13.578740+00:00
[2025-01-11T13:57:19.173+0000] {standard_task_runner.py:72} INFO - Started process 1928 to run task
[2025-01-11T13:57:19.208+0000] {standard_task_runner.py:104} INFO - Running: ['***', 'tasks', 'run', 'dynamic_task_mapping_python_operator', 'process_chunk', 'manual__2025-01-11T13:57:13.578740+00:00', '--job-id', '911', '--raw', '--subdir', 'DAGS_FOLDER/experiments/dynamic_task_mapping_sequentials.py', '--cfg-path', '/tmp/tmpha49g4kj', '--map-index', '4']
[2025-01-11T13:57:19.217+0000] {standard_task_runner.py:105} INFO - Job 911: Subtask process_chunk
[2025-01-11T13:57:20.168+0000] {task_command.py:467} INFO - Running <TaskInstance: dynamic_task_mapping_python_operator.process_chunk manual__2025-01-11T13:57:13.578740+00:00 map_index=4 [running]> on host 02aab7e5da88
[2025-01-11T13:57:25.622+0000] {taskinstance.py:3132} INFO - Exporting env vars: AIRFLOW_CTX_DAG_OWNER='***' AIRFLOW_CTX_DAG_ID='dynamic_task_mapping_python_operator' AIRFLOW_CTX_TASK_ID='process_chunk' AIRFLOW_CTX_EXECUTION_DATE='2025-01-11T13:57:13.578740+00:00' AIRFLOW_CTX_TRY_NUMBER='1' AIRFLOW_CTX_DAG_RUN_ID='manual__2025-01-11T13:57:13.578740+00:00'
[2025-01-11T13:57:25.630+0000] {taskinstance.py:731} INFO - ::endgroup::
[2025-01-11T13:57:25.663+0000] {logging_mixin.py:190} INFO - Memproses 10 pesan. Contoh pesan: [40, 41, 42, 43, 44]...
[2025-01-11T13:57:25.669+0000] {logging_mixin.py:190} INFO - Processing code: 40
[2025-01-11T13:57:25.672+0000] {logging_mixin.py:190} INFO - Processing code: 41
[2025-01-11T13:57:25.677+0000] {logging_mixin.py:190} INFO - Processing code: 42
[2025-01-11T13:57:25.680+0000] {logging_mixin.py:190} INFO - Processing code: 43
[2025-01-11T13:57:25.684+0000] {logging_mixin.py:190} INFO - Processing code: 44
[2025-01-11T13:57:25.685+0000] {logging_mixin.py:190} INFO - Processing code: 45
[2025-01-11T13:57:25.688+0000] {logging_mixin.py:190} INFO - Processing code: 46
[2025-01-11T13:57:25.689+0000] {logging_mixin.py:190} INFO - Processing code: 47
[2025-01-11T13:57:25.691+0000] {logging_mixin.py:190} INFO - Processing code: 48
[2025-01-11T13:57:25.700+0000] {logging_mixin.py:190} INFO - Processing code: 49
[2025-01-11T13:57:25.702+0000] {python.py:240} INFO - Done. Returned value was: None
[2025-01-11T13:57:25.750+0000] {taskinstance.py:340} INFO - ::group::Post task execution logs
[2025-01-11T13:57:25.752+0000] {taskinstance.py:352} INFO - Marking task as SUCCESS. dag_id=dynamic_task_mapping_python_operator, task_id=process_chunk, run_id=manual__2025-01-11T13:57:13.578740+00:00, map_index=4, execution_date=20250111T135713, start_date=20250111T135718, end_date=20250111T135725
[2025-01-11T13:57:25.977+0000] {local_task_job_runner.py:266} INFO - Task exited with return code 0
[2025-01-11T13:57:26.063+0000] {local_task_job_runner.py:245} INFO - ::endgroup::
