[2025-01-11T13:57:18.757+0000] {local_task_job_runner.py:123} INFO - ::group::Pre task execution logs
[2025-01-11T13:57:18.832+0000] {taskinstance.py:2613} INFO - Dependencies all met for dep_context=non-requeueable deps ti=<TaskInstance: dynamic_task_mapping_python_operator.process_chunk manual__2025-01-11T13:57:13.578740+00:00 map_index=9 [queued]>
[2025-01-11T13:57:18.865+0000] {taskinstance.py:2613} INFO - Dependencies all met for dep_context=requeueable deps ti=<TaskInstance: dynamic_task_mapping_python_operator.process_chunk manual__2025-01-11T13:57:13.578740+00:00 map_index=9 [queued]>
[2025-01-11T13:57:18.867+0000] {taskinstance.py:2866} INFO - Starting attempt 1 of 1
[2025-01-11T13:57:18.912+0000] {taskinstance.py:2889} INFO - Executing <Mapped(PythonOperator): process_chunk> on 2025-01-11 13:57:13.578740+00:00
[2025-01-11T13:57:18.942+0000] {standard_task_runner.py:72} INFO - Started process 1917 to run task
[2025-01-11T13:57:18.978+0000] {standard_task_runner.py:104} INFO - Running: ['***', 'tasks', 'run', 'dynamic_task_mapping_python_operator', 'process_chunk', 'manual__2025-01-11T13:57:13.578740+00:00', '--job-id', '913', '--raw', '--subdir', 'DAGS_FOLDER/experiments/dynamic_task_mapping_sequentials.py', '--cfg-path', '/tmp/tmpty8vc331', '--map-index', '9']
[2025-01-11T13:57:18.985+0000] {standard_task_runner.py:105} INFO - Job 913: Subtask process_chunk
[2025-01-11T13:57:19.201+0000] {task_command.py:467} INFO - Running <TaskInstance: dynamic_task_mapping_python_operator.process_chunk manual__2025-01-11T13:57:13.578740+00:00 map_index=9 [running]> on host 02aab7e5da88
[2025-01-11T13:57:24.335+0000] {taskinstance.py:3132} INFO - Exporting env vars: AIRFLOW_CTX_DAG_OWNER='***' AIRFLOW_CTX_DAG_ID='dynamic_task_mapping_python_operator' AIRFLOW_CTX_TASK_ID='process_chunk' AIRFLOW_CTX_EXECUTION_DATE='2025-01-11T13:57:13.578740+00:00' AIRFLOW_CTX_TRY_NUMBER='1' AIRFLOW_CTX_DAG_RUN_ID='manual__2025-01-11T13:57:13.578740+00:00'
[2025-01-11T13:57:24.386+0000] {taskinstance.py:731} INFO - ::endgroup::
[2025-01-11T13:57:24.997+0000] {logging_mixin.py:190} INFO - Memproses 10 pesan. Contoh pesan: [90, 91, 92, 93, 94]...
[2025-01-11T13:57:25.067+0000] {logging_mixin.py:190} INFO - Processing code: 90
[2025-01-11T13:57:25.079+0000] {logging_mixin.py:190} INFO - Processing code: 91
[2025-01-11T13:57:25.085+0000] {logging_mixin.py:190} INFO - Processing code: 92
[2025-01-11T13:57:25.091+0000] {logging_mixin.py:190} INFO - Processing code: 93
[2025-01-11T13:57:25.114+0000] {logging_mixin.py:190} INFO - Processing code: 94
[2025-01-11T13:57:25.138+0000] {logging_mixin.py:190} INFO - Processing code: 95
[2025-01-11T13:57:25.160+0000] {logging_mixin.py:190} INFO - Processing code: 96
[2025-01-11T13:57:25.173+0000] {logging_mixin.py:190} INFO - Processing code: 97
[2025-01-11T13:57:25.182+0000] {logging_mixin.py:190} INFO - Processing code: 98
[2025-01-11T13:57:25.187+0000] {logging_mixin.py:190} INFO - Processing code: 99
[2025-01-11T13:57:25.191+0000] {python.py:240} INFO - Done. Returned value was: None
[2025-01-11T13:57:25.416+0000] {taskinstance.py:340} INFO - ::group::Post task execution logs
[2025-01-11T13:57:25.433+0000] {taskinstance.py:352} INFO - Marking task as SUCCESS. dag_id=dynamic_task_mapping_python_operator, task_id=process_chunk, run_id=manual__2025-01-11T13:57:13.578740+00:00, map_index=9, execution_date=20250111T135713, start_date=20250111T135718, end_date=20250111T135725
[2025-01-11T13:57:25.552+0000] {local_task_job_runner.py:266} INFO - Task exited with return code 0
[2025-01-11T13:57:25.627+0000] {taskinstance.py:3895} INFO - 0 downstream tasks scheduled from follow-on schedule check
[2025-01-11T13:57:25.631+0000] {local_task_job_runner.py:245} INFO - ::endgroup::
